mode: atomic
github.com/flyteorg/flyteplugins/go/tasks/pluginmachinery/encoding/encoder.go:40.57,44.2 1 7
github.com/flyteorg/flyteplugins/go/tasks/pluginmachinery/encoding/encoder.go:48.92,49.31 1 12
github.com/flyteorg/flyteplugins/go/tasks/pluginmachinery/encoding/encoder.go:53.2,54.33 2 8
github.com/flyteorg/flyteplugins/go/tasks/pluginmachinery/encoding/encoder.go:67.2,67.19 1 8
github.com/flyteorg/flyteplugins/go/tasks/pluginmachinery/encoding/encoder.go:72.2,83.31 4 8
github.com/flyteorg/flyteplugins/go/tasks/pluginmachinery/encoding/encoder.go:86.2,86.22 1 4
github.com/flyteorg/flyteplugins/go/tasks/pluginmachinery/encoding/encoder.go:49.31,51.3 1 4
github.com/flyteorg/flyteplugins/go/tasks/pluginmachinery/encoding/encoder.go:54.33,55.61 1 5
github.com/flyteorg/flyteplugins/go/tasks/pluginmachinery/encoding/encoder.go:55.61,56.27 1 5
github.com/flyteorg/flyteplugins/go/tasks/pluginmachinery/encoding/encoder.go:57.21,58.26 1 3
github.com/flyteorg/flyteplugins/go/tasks/pluginmachinery/encoding/encoder.go:59.21,60.26 1 1
github.com/flyteorg/flyteplugins/go/tasks/pluginmachinery/encoding/encoder.go:61.22,62.27 1 1
github.com/flyteorg/flyteplugins/go/tasks/pluginmachinery/encoding/encoder.go:67.19,69.3 1 3
github.com/flyteorg/flyteplugins/go/tasks/pluginmachinery/encoding/encoder.go:83.31,85.3 1 4
github.com/flyteorg/flyteplugins/go/tasks/pluginmachinery/encoding/encoder.go:92.100,94.26 2 7
github.com/flyteorg/flyteplugins/go/tasks/pluginmachinery/encoding/encoder.go:104.2,104.63 1 7
github.com/flyteorg/flyteplugins/go/tasks/pluginmachinery/encoding/encoder.go:94.26,95.27 1 55
github.com/flyteorg/flyteplugins/go/tasks/pluginmachinery/encoding/encoder.go:101.3,101.26 1 55
github.com/flyteorg/flyteplugins/go/tasks/pluginmachinery/encoding/encoder.go:95.27,98.4 1 48
github.com/flyteorg/flyteplugins/go/tasks/pluginmachinery/tasklog/template.go:44.48,56.2 1 1
github.com/flyteorg/flyteplugins/go/tasks/pluginmachinery/tasklog/template.go:60.53,62.2 1 9
github.com/flyteorg/flyteplugins/go/tasks/pluginmachinery/tasklog/template.go:64.64,65.27 1 6
github.com/flyteorg/flyteplugins/go/tasks/pluginmachinery/tasklog/template.go:69.2,69.17 1 6
github.com/flyteorg/flyteplugins/go/tasks/pluginmachinery/tasklog/template.go:65.27,67.3 1 54
github.com/flyteorg/flyteplugins/go/tasks/pluginmachinery/tasklog/template.go:72.176,84.40 2 4
github.com/flyteorg/flyteplugins/go/tasks/pluginmachinery/tasklog/template.go:88.2,88.28 1 4
github.com/flyteorg/flyteplugins/go/tasks/pluginmachinery/tasklog/template.go:84.40,86.3 1 0
github.com/flyteorg/flyteplugins/go/tasks/pluginmachinery/tasklog/template.go:91.69,96.79 3 6
github.com/flyteorg/flyteplugins/go/tasks/pluginmachinery/tasklog/template.go:100.2,101.45 2 6
github.com/flyteorg/flyteplugins/go/tasks/pluginmachinery/tasklog/template.go:149.2,151.8 1 6
github.com/flyteorg/flyteplugins/go/tasks/pluginmachinery/tasklog/template.go:96.79,98.3 1 3
github.com/flyteorg/flyteplugins/go/tasks/pluginmachinery/tasklog/template.go:101.45,147.3 1 6
github.com/flyteorg/flyteplugins/go/tasks/pluginmachinery/tasklog/template.go:165.110,170.2 1 1
github.com/flyteorg/flyteplugins/go/tasks/pluginmachinery/utils/secrets/marshaler.go:25.49,28.2 2 3
github.com/flyteorg/flyteplugins/go/tasks/pluginmachinery/utils/secrets/marshaler.go:30.51,32.16 2 3
github.com/flyteorg/flyteplugins/go/tasks/pluginmachinery/utils/secrets/marshaler.go:36.2,36.32 1 3
github.com/flyteorg/flyteplugins/go/tasks/pluginmachinery/utils/secrets/marshaler.go:32.16,34.3 1 0
github.com/flyteorg/flyteplugins/go/tasks/pluginmachinery/utils/secrets/marshaler.go:39.43,41.2 1 2
github.com/flyteorg/flyteplugins/go/tasks/pluginmachinery/utils/secrets/marshaler.go:43.60,45.16 2 2
github.com/flyteorg/flyteplugins/go/tasks/pluginmachinery/utils/secrets/marshaler.go:49.2,51.15 3 2
github.com/flyteorg/flyteplugins/go/tasks/pluginmachinery/utils/secrets/marshaler.go:45.16,47.3 1 0
github.com/flyteorg/flyteplugins/go/tasks/pluginmachinery/utils/secrets/marshaler.go:54.84,56.32 2 4
github.com/flyteorg/flyteplugins/go/tasks/pluginmachinery/utils/secrets/marshaler.go:69.2,69.17 1 4
github.com/flyteorg/flyteplugins/go/tasks/pluginmachinery/utils/secrets/marshaler.go:56.32,57.80 1 2
github.com/flyteorg/flyteplugins/go/tasks/pluginmachinery/utils/secrets/marshaler.go:61.3,64.53 3 2
github.com/flyteorg/flyteplugins/go/tasks/pluginmachinery/utils/secrets/marshaler.go:57.80,59.4 1 0
github.com/flyteorg/flyteplugins/go/tasks/pluginmachinery/utils/secrets/marshaler.go:64.53,66.4 1 0
github.com/flyteorg/flyteplugins/go/tasks/pluginmachinery/utils/secrets/marshaler.go:72.79,74.26 2 4
github.com/flyteorg/flyteplugins/go/tasks/pluginmachinery/utils/secrets/marshaler.go:85.2,85.17 1 4
github.com/flyteorg/flyteplugins/go/tasks/pluginmachinery/utils/secrets/marshaler.go:74.26,75.47 1 2
github.com/flyteorg/flyteplugins/go/tasks/pluginmachinery/utils/secrets/marshaler.go:75.47,77.18 2 2
github.com/flyteorg/flyteplugins/go/tasks/pluginmachinery/utils/secrets/marshaler.go:81.4,81.24 1 2
github.com/flyteorg/flyteplugins/go/tasks/pluginmachinery/utils/secrets/marshaler.go:77.18,79.5 1 0
github.com/flyteorg/flyteplugins/go/tasks/plugins/array/awsbatch/definition/job_def_cache.go:35.35,37.2 1 0
github.com/flyteorg/flyteplugins/go/tasks/plugins/array/awsbatch/definition/job_def_cache.go:43.79,44.61 1 0
github.com/flyteorg/flyteplugins/go/tasks/plugins/array/awsbatch/definition/job_def_cache.go:48.2,48.18 1 0
github.com/flyteorg/flyteplugins/go/tasks/plugins/array/awsbatch/definition/job_def_cache.go:44.61,46.3 1 0
github.com/flyteorg/flyteplugins/go/tasks/plugins/array/awsbatch/definition/job_def_cache.go:51.69,53.2 1 0
github.com/flyteorg/flyteplugins/go/tasks/plugins/array/awsbatch/definition/job_def_cache.go:56.69,62.2 1 0
github.com/flyteorg/flyteplugins/go/tasks/plugins/array/awsbatch/definition/job_def_cache.go:65.49,69.2 1 0
github.com/flyteorg/flyteplugins/go/tasks/plugins/array/awsbatch/definition/utils.go:9.54,11.28 2 3
github.com/flyteorg/flyteplugins/go/tasks/plugins/array/awsbatch/definition/utils.go:19.2,19.20 1 3
github.com/flyteorg/flyteplugins/go/tasks/plugins/array/awsbatch/definition/utils.go:23.2,23.26 1 1
github.com/flyteorg/flyteplugins/go/tasks/plugins/array/awsbatch/definition/utils.go:11.28,12.105 1 303
github.com/flyteorg/flyteplugins/go/tasks/plugins/array/awsbatch/definition/utils.go:12.105,14.4 1 299
github.com/flyteorg/flyteplugins/go/tasks/plugins/array/awsbatch/definition/utils.go:14.9,16.4 1 4
github.com/flyteorg/flyteplugins/go/tasks/plugins/array/awsbatch/definition/utils.go:19.20,21.3 1 2
github.com/flyteorg/flyteplugins/go/tasks/plugins/array/errorcollector/collector.go:18.61,19.47 1 8
github.com/flyteorg/flyteplugins/go/tasks/plugins/array/errorcollector/collector.go:24.2,26.38 3 4
github.com/flyteorg/flyteplugins/go/tasks/plugins/array/errorcollector/collector.go:19.47,22.3 2 4
github.com/flyteorg/flyteplugins/go/tasks/plugins/array/errorcollector/collector.go:29.62,33.19 4 2
github.com/flyteorg/flyteplugins/go/tasks/plugins/array/errorcollector/collector.go:37.2,38.30 2 2
github.com/flyteorg/flyteplugins/go/tasks/plugins/array/errorcollector/collector.go:42.2,42.40 1 2
github.com/flyteorg/flyteplugins/go/tasks/plugins/array/errorcollector/collector.go:51.2,51.12 1 2
github.com/flyteorg/flyteplugins/go/tasks/plugins/array/errorcollector/collector.go:33.19,35.3 1 0
github.com/flyteorg/flyteplugins/go/tasks/plugins/array/errorcollector/collector.go:38.30,40.3 1 4
github.com/flyteorg/flyteplugins/go/tasks/plugins/array/errorcollector/collector.go:42.40,44.28 2 3
github.com/flyteorg/flyteplugins/go/tasks/plugins/array/errorcollector/collector.go:44.28,47.9 2 1
github.com/flyteorg/flyteplugins/go/tasks/plugins/array/errorcollector/collector.go:54.45,56.2 1 0
github.com/flyteorg/flyteplugins/go/tasks/plugins/array/errorcollector/collector.go:59.55,63.2 1 2
github.com/flyteorg/flyteplugins/go/tasks/plugins/array/errorcollector/index_range.go:14.37,15.22 1 5
github.com/flyteorg/flyteplugins/go/tasks/plugins/array/errorcollector/index_range.go:19.2,19.47 1 2
github.com/flyteorg/flyteplugins/go/tasks/plugins/array/errorcollector/index_range.go:15.22,17.3 1 3
github.com/flyteorg/flyteplugins/go/tasks/plugins/array/errorcollector/index_range.go:22.53,25.2 1 32
github.com/flyteorg/flyteplugins/go/tasks/plugins/array/errorcollector/index_range.go:27.50,28.27 1 7
github.com/flyteorg/flyteplugins/go/tasks/plugins/array/errorcollector/index_range.go:32.2,32.23 1 7
github.com/flyteorg/flyteplugins/go/tasks/plugins/array/errorcollector/index_range.go:28.27,30.3 1 2
github.com/flyteorg/flyteplugins/go/tasks/plugins/array/errorcollector/index_range.go:32.23,34.3 1 5
github.com/flyteorg/flyteplugins/go/tasks/plugins/array/errorcollector/range_collection.go:11.42,13.2 1 5
github.com/flyteorg/flyteplugins/go/tasks/plugins/array/errorcollector/range_collection.go:15.52,18.33 3 9
github.com/flyteorg/flyteplugins/go/tasks/plugins/array/errorcollector/range_collection.go:22.2,22.31 1 0
github.com/flyteorg/flyteplugins/go/tasks/plugins/array/errorcollector/range_collection.go:18.33,20.3 1 9
github.com/flyteorg/flyteplugins/go/tasks/plugins/array/errorcollector/range_collection.go:25.47,29.2 3 4
github.com/flyteorg/flyteplugins/go/tasks/plugins/array/errorcollector/range_collection.go:31.45,33.23 2 16
github.com/flyteorg/flyteplugins/go/tasks/plugins/array/errorcollector/range_collection.go:40.2,40.27 1 10
github.com/flyteorg/flyteplugins/go/tasks/plugins/array/errorcollector/range_collection.go:33.23,34.28 1 16
github.com/flyteorg/flyteplugins/go/tasks/plugins/array/errorcollector/range_collection.go:34.28,37.4 2 6
github.com/flyteorg/flyteplugins/go/tasks/plugins/array/errorcollector/range_collection.go:43.43,53.31 5 5
github.com/flyteorg/flyteplugins/go/tasks/plugins/array/errorcollector/range_collection.go:64.2,64.17 1 5
github.com/flyteorg/flyteplugins/go/tasks/plugins/array/errorcollector/range_collection.go:53.31,56.29 2 7
github.com/flyteorg/flyteplugins/go/tasks/plugins/array/errorcollector/range_collection.go:56.29,59.4 2 1
github.com/flyteorg/flyteplugins/go/tasks/plugins/array/errorcollector/range_collection.go:59.9,61.4 1 6
github.com/flyteorg/flyteplugins/go/tasks/plugins/array/errorcollector/range_collection.go:64.17,69.3 2 1
github.com/flyteorg/flyteplugins/go/tasks/plugins/array/errorcollector/range_collection.go:72.47,75.22 3 3
github.com/flyteorg/flyteplugins/go/tasks/plugins/array/errorcollector/range_collection.go:79.2,79.12 1 3
github.com/flyteorg/flyteplugins/go/tasks/plugins/array/errorcollector/range_collection.go:75.22,77.3 1 5
github.com/flyteorg/flyteplugins/go/tasks/plugins/array/errorcollector/range_stack.go:16.44,18.2 1 13
github.com/flyteorg/flyteplugins/go/tasks/plugins/array/errorcollector/range_stack.go:20.40,22.16 2 4
github.com/flyteorg/flyteplugins/go/tasks/plugins/array/errorcollector/range_stack.go:26.2,27.23 2 3
github.com/flyteorg/flyteplugins/go/tasks/plugins/array/errorcollector/range_stack.go:22.16,24.3 1 1
github.com/flyteorg/flyteplugins/go/tasks/plugins/array/errorcollector/range_stack.go:30.40,31.18 1 9
github.com/flyteorg/flyteplugins/go/tasks/plugins/array/errorcollector/range_stack.go:35.2,35.25 1 8
github.com/flyteorg/flyteplugins/go/tasks/plugins/array/errorcollector/range_stack.go:31.18,33.3 1 1
github.com/flyteorg/flyteplugins/go/tasks/plugins/array/errorcollector/range_stack.go:38.43,40.6 2 1
github.com/flyteorg/flyteplugins/go/tasks/plugins/array/errorcollector/range_stack.go:49.2,49.12 1 1
github.com/flyteorg/flyteplugins/go/tasks/plugins/array/errorcollector/range_stack.go:40.6,42.17 2 4
github.com/flyteorg/flyteplugins/go/tasks/plugins/array/errorcollector/range_stack.go:46.3,46.25 1 3
github.com/flyteorg/flyteplugins/go/tasks/plugins/array/errorcollector/range_stack.go:42.17,43.9 1 1
github.com/flyteorg/flyteplugins/go/tasks/pluginmachinery/workqueue/queue.go:38.39,40.2 1 5
github.com/flyteorg/flyteplugins/go/tasks/pluginmachinery/workqueue/queue.go:81.42,83.2 1 2
github.com/flyteorg/flyteplugins/go/tasks/pluginmachinery/workqueue/queue.go:85.42,87.2 1 3
github.com/flyteorg/flyteplugins/go/tasks/pluginmachinery/workqueue/queue.go:89.46,91.2 1 3469
github.com/flyteorg/flyteplugins/go/tasks/pluginmachinery/workqueue/queue.go:93.40,95.2 1 3
github.com/flyteorg/flyteplugins/go/tasks/pluginmachinery/workqueue/queue.go:97.50,99.2 1 1738
github.com/flyteorg/flyteplugins/go/tasks/pluginmachinery/workqueue/queue.go:125.79,127.12 2 1741
github.com/flyteorg/flyteplugins/go/tasks/pluginmachinery/workqueue/queue.go:131.2,131.35 1 1736
github.com/flyteorg/flyteplugins/go/tasks/pluginmachinery/workqueue/queue.go:127.12,129.3 1 5
github.com/flyteorg/flyteplugins/go/tasks/pluginmachinery/workqueue/queue.go:134.66,136.2 1 11
github.com/flyteorg/flyteplugins/go/tasks/pluginmachinery/workqueue/queue.go:138.71,142.2 3 5
github.com/flyteorg/flyteplugins/go/tasks/pluginmachinery/workqueue/queue.go:144.80,148.16 3 5
github.com/flyteorg/flyteplugins/go/tasks/pluginmachinery/workqueue/queue.go:152.2,152.40 1 4
github.com/flyteorg/flyteplugins/go/tasks/pluginmachinery/workqueue/queue.go:156.2,164.12 4 4
github.com/flyteorg/flyteplugins/go/tasks/pluginmachinery/workqueue/queue.go:148.16,150.3 1 1
github.com/flyteorg/flyteplugins/go/tasks/pluginmachinery/workqueue/queue.go:152.40,154.3 1 0
github.com/flyteorg/flyteplugins/go/tasks/pluginmachinery/workqueue/queue.go:167.79,172.12 4 1735
github.com/flyteorg/flyteplugins/go/tasks/pluginmachinery/workqueue/queue.go:177.2,179.22 3 1735
github.com/flyteorg/flyteplugins/go/tasks/pluginmachinery/workqueue/queue.go:172.12,175.3 2 0
github.com/flyteorg/flyteplugins/go/tasks/pluginmachinery/workqueue/queue.go:182.92,183.33 1 3
github.com/flyteorg/flyteplugins/go/tasks/pluginmachinery/workqueue/queue.go:187.2,187.12 1 3
github.com/flyteorg/flyteplugins/go/tasks/pluginmachinery/workqueue/queue.go:183.33,185.3 1 1
github.com/flyteorg/flyteplugins/go/tasks/pluginmachinery/workqueue/queue.go:190.50,194.15 3 6
github.com/flyteorg/flyteplugins/go/tasks/pluginmachinery/workqueue/queue.go:198.2,198.33 1 5
github.com/flyteorg/flyteplugins/go/tasks/pluginmachinery/workqueue/queue.go:254.2,255.12 2 5
github.com/flyteorg/flyteplugins/go/tasks/pluginmachinery/workqueue/queue.go:194.15,196.3 1 1
github.com/flyteorg/flyteplugins/go/tasks/pluginmachinery/workqueue/queue.go:198.33,199.32 1 5
github.com/flyteorg/flyteplugins/go/tasks/pluginmachinery/workqueue/queue.go:199.32,200.8 1 5
github.com/flyteorg/flyteplugins/go/tasks/pluginmachinery/workqueue/queue.go:200.8,201.12 1 8
github.com/flyteorg/flyteplugins/go/tasks/pluginmachinery/workqueue/queue.go:202.23,204.12 2 2
github.com/flyteorg/flyteplugins/go/tasks/pluginmachinery/workqueue/queue.go:205.13,207.18 2 6
github.com/flyteorg/flyteplugins/go/tasks/pluginmachinery/workqueue/queue.go:212.6,217.13 5 3
github.com/flyteorg/flyteplugins/go/tasks/pluginmachinery/workqueue/queue.go:229.6,229.20 1 3
github.com/flyteorg/flyteplugins/go/tasks/pluginmachinery/workqueue/queue.go:244.6,246.26 3 2
github.com/flyteorg/flyteplugins/go/tasks/pluginmachinery/workqueue/queue.go:207.18,210.7 2 0
github.com/flyteorg/flyteplugins/go/tasks/pluginmachinery/workqueue/queue.go:217.13,218.20 1 3
github.com/flyteorg/flyteplugins/go/tasks/pluginmachinery/workqueue/queue.go:225.7,226.68 2 3
github.com/flyteorg/flyteplugins/go/tasks/pluginmachinery/workqueue/queue.go:218.20,219.42 1 3
github.com/flyteorg/flyteplugins/go/tasks/pluginmachinery/workqueue/queue.go:219.42,222.9 2 0
github.com/flyteorg/flyteplugins/go/tasks/pluginmachinery/workqueue/queue.go:229.20,234.51 4 1
github.com/flyteorg/flyteplugins/go/tasks/pluginmachinery/workqueue/queue.go:234.51,240.16 5 1
github.com/flyteorg/flyteplugins/go/tasks/pluginmachinery/workqueue/queue.go:246.26,248.7 1 0
github.com/flyteorg/flyteplugins/go/tasks/pluginmachinery/workqueue/queue.go:258.48,265.2 1 6
github.com/flyteorg/flyteplugins/go/tasks/pluginmachinery/workqueue/queue.go:268.128,270.16 2 6
github.com/flyteorg/flyteplugins/go/tasks/pluginmachinery/workqueue/queue.go:274.2,284.8 1 6
github.com/flyteorg/flyteplugins/go/tasks/pluginmachinery/workqueue/queue.go:270.16,272.3 1 0
github.com/flyteorg/flyteplugins/go/tasks/pluginmachinery/workqueue/workstatus_enumer.go:13.37,14.46 1 4
github.com/flyteorg/flyteplugins/go/tasks/pluginmachinery/workqueue/workstatus_enumer.go:17.2,17.67 1 4
github.com/flyteorg/flyteplugins/go/tasks/pluginmachinery/workqueue/workstatus_enumer.go:14.46,16.3 1 0
github.com/flyteorg/flyteplugins/go/tasks/pluginmachinery/workqueue/workstatus_enumer.go:30.53,31.49 1 0
github.com/flyteorg/flyteplugins/go/tasks/pluginmachinery/workqueue/workstatus_enumer.go:34.2,34.68 1 0
github.com/flyteorg/flyteplugins/go/tasks/pluginmachinery/workqueue/workstatus_enumer.go:31.49,33.3 1 0
github.com/flyteorg/flyteplugins/go/tasks/pluginmachinery/workqueue/workstatus_enumer.go:38.38,40.2 1 0
github.com/flyteorg/flyteplugins/go/tasks/pluginmachinery/workqueue/workstatus_enumer.go:43.42,44.38 1 0
github.com/flyteorg/flyteplugins/go/tasks/pluginmachinery/workqueue/workstatus_enumer.go:49.2,49.14 1 0
github.com/flyteorg/flyteplugins/go/tasks/pluginmachinery/workqueue/workstatus_enumer.go:44.38,45.13 1 0
github.com/flyteorg/flyteplugins/go/tasks/pluginmachinery/workqueue/workstatus_enumer.go:45.13,47.4 1 0
github.com/flyteorg/flyteplugins/go/tasks/plugins/hive/config/config.go:17.37,19.16 2 3
github.com/flyteorg/flyteplugins/go/tasks/plugins/hive/config/config.go:22.2,22.14 1 3
github.com/flyteorg/flyteplugins/go/tasks/plugins/hive/config/config.go:25.2,26.21 2 0
github.com/flyteorg/flyteplugins/go/tasks/plugins/hive/config/config.go:19.16,21.3 1 0
github.com/flyteorg/flyteplugins/go/tasks/plugins/hive/config/config.go:22.14,24.3 1 3
github.com/flyteorg/flyteplugins/go/tasks/plugins/hive/config/config.go:73.32,75.2 1 0
github.com/flyteorg/flyteplugins/go/tasks/plugins/hive/config/config.go:77.41,79.2 1 0
github.com/flyteorg/flyteplugins/go/tasks/plugins/hive/config/config_flags.go:17.57,18.53 1 0
github.com/flyteorg/flyteplugins/go/tasks/plugins/hive/config/config_flags.go:28.2,28.10 1 0
github.com/flyteorg/flyteplugins/go/tasks/plugins/hive/config/config_flags.go:18.53,19.33 1 0
github.com/flyteorg/flyteplugins/go/tasks/plugins/hive/config/config_flags.go:19.33,21.4 1 0
github.com/flyteorg/flyteplugins/go/tasks/plugins/hive/config/config_flags.go:21.9,23.4 1 0
github.com/flyteorg/flyteplugins/go/tasks/plugins/hive/config/config_flags.go:24.8,24.21 1 0
github.com/flyteorg/flyteplugins/go/tasks/plugins/hive/config/config_flags.go:24.21,26.3 1 0
github.com/flyteorg/flyteplugins/go/tasks/plugins/hive/config/config_flags.go:31.53,33.16 2 0
github.com/flyteorg/flyteplugins/go/tasks/plugins/hive/config/config_flags.go:37.2,37.20 1 0
github.com/flyteorg/flyteplugins/go/tasks/plugins/hive/config/config_flags.go:33.16,34.13 1 0
github.com/flyteorg/flyteplugins/go/tasks/plugins/hive/config/config_flags.go:40.56,42.16 2 0
github.com/flyteorg/flyteplugins/go/tasks/plugins/hive/config/config_flags.go:46.2,46.20 1 0
github.com/flyteorg/flyteplugins/go/tasks/plugins/hive/config/config_flags.go:42.16,43.13 1 0
github.com/flyteorg/flyteplugins/go/tasks/plugins/hive/config/config_flags.go:51.61,61.2 9 2
github.com/flyteorg/flyteplugins/go/tasks/plugins/hive/client/qubole_client.go:88.80,96.2 6 7
github.com/flyteorg/flyteplugins/go/tasks/plugins/hive/client/qubole_client.go:103.32,103.46 1 0
github.com/flyteorg/flyteplugins/go/tasks/plugins/hive/client/qubole_client.go:105.61,108.16 2 3
github.com/flyteorg/flyteplugins/go/tasks/plugins/hive/client/qubole_client.go:112.2,114.12 3 3
github.com/flyteorg/flyteplugins/go/tasks/plugins/hive/client/qubole_client.go:108.16,110.3 1 0
github.com/flyteorg/flyteplugins/go/tasks/plugins/hive/client/qubole_client.go:117.61,119.16 2 4
github.com/flyteorg/flyteplugins/go/tasks/plugins/hive/client/qubole_client.go:123.2,123.31 1 4
github.com/flyteorg/flyteplugins/go/tasks/plugins/hive/client/qubole_client.go:119.16,121.3 1 0
github.com/flyteorg/flyteplugins/go/tasks/plugins/hive/client/qubole_client.go:126.62,128.16 2 7
github.com/flyteorg/flyteplugins/go/tasks/plugins/hive/client/qubole_client.go:131.2,132.16 2 7
github.com/flyteorg/flyteplugins/go/tasks/plugins/hive/client/qubole_client.go:128.16,130.3 1 0
github.com/flyteorg/flyteplugins/go/tasks/plugins/hive/client/qubole_client.go:132.16,134.3 1 0
github.com/flyteorg/flyteplugins/go/tasks/plugins/hive/client/qubole_client.go:139.64,143.16 3 7
github.com/flyteorg/flyteplugins/go/tasks/plugins/hive/client/qubole_client.go:152.2,152.16 1 7
github.com/flyteorg/flyteplugins/go/tasks/plugins/hive/client/qubole_client.go:156.2,156.17 1 7
github.com/flyteorg/flyteplugins/go/tasks/plugins/hive/client/qubole_client.go:163.2,165.25 3 7
github.com/flyteorg/flyteplugins/go/tasks/plugins/hive/client/qubole_client.go:144.22,145.53 1 4
github.com/flyteorg/flyteplugins/go/tasks/plugins/hive/client/qubole_client.go:146.23,147.54 1 2
github.com/flyteorg/flyteplugins/go/tasks/plugins/hive/client/qubole_client.go:148.22,149.53 1 1
github.com/flyteorg/flyteplugins/go/tasks/plugins/hive/client/qubole_client.go:152.16,154.3 1 0
github.com/flyteorg/flyteplugins/go/tasks/plugins/hive/client/qubole_client.go:156.17,158.17 2 3
github.com/flyteorg/flyteplugins/go/tasks/plugins/hive/client/qubole_client.go:158.17,160.4 1 0
github.com/flyteorg/flyteplugins/go/tasks/plugins/hive/client/qubole_client.go:185.52,196.16 3 2
github.com/flyteorg/flyteplugins/go/tasks/plugins/hive/client/qubole_client.go:199.2,201.32 2 2
github.com/flyteorg/flyteplugins/go/tasks/plugins/hive/client/qubole_client.go:211.2,212.53 2 1
github.com/flyteorg/flyteplugins/go/tasks/plugins/hive/client/qubole_client.go:216.2,217.16 2 1
github.com/flyteorg/flyteplugins/go/tasks/plugins/hive/client/qubole_client.go:221.2,221.14 1 1
github.com/flyteorg/flyteplugins/go/tasks/plugins/hive/client/qubole_client.go:225.2,230.8 2 1
github.com/flyteorg/flyteplugins/go/tasks/plugins/hive/client/qubole_client.go:196.16,198.3 1 0
github.com/flyteorg/flyteplugins/go/tasks/plugins/hive/client/qubole_client.go:201.32,203.17 2 1
github.com/flyteorg/flyteplugins/go/tasks/plugins/hive/client/qubole_client.go:207.3,208.37 1 1
github.com/flyteorg/flyteplugins/go/tasks/plugins/hive/client/qubole_client.go:203.17,205.4 1 0
github.com/flyteorg/flyteplugins/go/tasks/plugins/hive/client/qubole_client.go:212.53,214.3 1 0
github.com/flyteorg/flyteplugins/go/tasks/plugins/hive/client/qubole_client.go:217.16,219.3 1 0
github.com/flyteorg/flyteplugins/go/tasks/plugins/hive/client/qubole_client.go:221.14,223.3 1 0
github.com/flyteorg/flyteplugins/go/tasks/plugins/hive/client/qubole_client.go:239.100,241.16 2 1
github.com/flyteorg/flyteplugins/go/tasks/plugins/hive/client/qubole_client.go:244.2,248.12 5 1
github.com/flyteorg/flyteplugins/go/tasks/plugins/hive/client/qubole_client.go:241.16,243.3 1 0
github.com/flyteorg/flyteplugins/go/tasks/plugins/hive/client/qubole_client.go:258.121,260.16 2 4
github.com/flyteorg/flyteplugins/go/tasks/plugins/hive/client/qubole_client.go:263.2,265.16 3 4
github.com/flyteorg/flyteplugins/go/tasks/plugins/hive/client/qubole_client.go:269.2,271.32 2 4
github.com/flyteorg/flyteplugins/go/tasks/plugins/hive/client/qubole_client.go:281.2,282.53 2 3
github.com/flyteorg/flyteplugins/go/tasks/plugins/hive/client/qubole_client.go:286.2,287.23 2 3
github.com/flyteorg/flyteplugins/go/tasks/plugins/hive/client/qubole_client.go:260.16,262.3 1 0
github.com/flyteorg/flyteplugins/go/tasks/plugins/hive/client/qubole_client.go:265.16,267.3 1 0
github.com/flyteorg/flyteplugins/go/tasks/plugins/hive/client/qubole_client.go:271.32,273.17 2 1
github.com/flyteorg/flyteplugins/go/tasks/plugins/hive/client/qubole_client.go:277.3,278.72 1 1
github.com/flyteorg/flyteplugins/go/tasks/plugins/hive/client/qubole_client.go:273.17,275.4 1 0
github.com/flyteorg/flyteplugins/go/tasks/plugins/hive/client/qubole_client.go:282.53,284.3 1 0
github.com/flyteorg/flyteplugins/go/tasks/plugins/hive/client/qubole_client.go:290.96,293.16 3 1
github.com/flyteorg/flyteplugins/go/tasks/plugins/hive/client/qubole_client.go:296.2,296.46 1 1
github.com/flyteorg/flyteplugins/go/tasks/plugins/hive/client/qubole_client.go:293.16,295.3 1 0
github.com/flyteorg/flyteplugins/go/tasks/plugins/hive/client/qubole_client.go:299.55,305.2 1 0
github.com/flyteorg/flyteplugins/go/tasks/plugins/hive/client/qubole_status.go:32.71,34.59 2 4
github.com/flyteorg/flyteplugins/go/tasks/plugins/hive/client/qubole_status.go:37.2,38.28 2 1
github.com/flyteorg/flyteplugins/go/tasks/plugins/hive/client/qubole_status.go:34.59,36.3 1 3
github.com/flyteorg/flyteplugins/go/tasks/aws/config_flags.go:17.57,18.53 1 0
github.com/flyteorg/flyteplugins/go/tasks/aws/config_flags.go:28.2,28.10 1 0
github.com/flyteorg/flyteplugins/go/tasks/aws/config_flags.go:18.53,19.33 1 0
github.com/flyteorg/flyteplugins/go/tasks/aws/config_flags.go:19.33,21.4 1 0
github.com/flyteorg/flyteplugins/go/tasks/aws/config_flags.go:21.9,23.4 1 0
github.com/flyteorg/flyteplugins/go/tasks/aws/config_flags.go:24.8,24.21 1 0
github.com/flyteorg/flyteplugins/go/tasks/aws/config_flags.go:24.21,26.3 1 0
github.com/flyteorg/flyteplugins/go/tasks/aws/config_flags.go:31.53,33.16 2 0
github.com/flyteorg/flyteplugins/go/tasks/aws/config_flags.go:37.2,37.20 1 0
github.com/flyteorg/flyteplugins/go/tasks/aws/config_flags.go:33.16,34.13 1 0
github.com/flyteorg/flyteplugins/go/tasks/aws/config_flags.go:40.56,42.16 2 0
github.com/flyteorg/flyteplugins/go/tasks/aws/config_flags.go:46.2,46.20 1 0
github.com/flyteorg/flyteplugins/go/tasks/aws/config_flags.go:42.16,43.13 1 0
github.com/flyteorg/flyteplugins/go/tasks/aws/config_flags.go:51.61,57.2 5 2
github.com/flyteorg/flyteplugins/go/tasks/aws/client.go:56.47,58.2 1 0
github.com/flyteorg/flyteplugins/go/tasks/aws/client.go:61.44,63.2 1 0
github.com/flyteorg/flyteplugins/go/tasks/aws/client.go:66.38,68.2 1 0
github.com/flyteorg/flyteplugins/go/tasks/aws/client.go:70.37,72.2 1 0
github.com/flyteorg/flyteplugins/go/tasks/aws/client.go:74.66,76.44 2 1
github.com/flyteorg/flyteplugins/go/tasks/aws/client.go:90.2,91.16 2 1
github.com/flyteorg/flyteplugins/go/tasks/aws/client.go:95.2,96.16 2 1
github.com/flyteorg/flyteplugins/go/tasks/aws/client.go:100.2,105.8 1 1
github.com/flyteorg/flyteplugins/go/tasks/aws/client.go:76.44,78.19 2 0
github.com/flyteorg/flyteplugins/go/tasks/aws/client.go:82.3,83.15 2 0
github.com/flyteorg/flyteplugins/go/tasks/aws/client.go:87.3,87.47 1 0
github.com/flyteorg/flyteplugins/go/tasks/aws/client.go:78.19,80.4 1 0
github.com/flyteorg/flyteplugins/go/tasks/aws/client.go:83.15,85.4 1 0
github.com/flyteorg/flyteplugins/go/tasks/aws/client.go:91.16,93.3 1 0
github.com/flyteorg/flyteplugins/go/tasks/aws/client.go:96.16,98.3 1 0
github.com/flyteorg/flyteplugins/go/tasks/aws/client.go:109.57,110.26 1 1
github.com/flyteorg/flyteplugins/go/tasks/aws/client.go:119.2,119.12 1 1
github.com/flyteorg/flyteplugins/go/tasks/aws/client.go:110.26,114.27 3 1
github.com/flyteorg/flyteplugins/go/tasks/aws/client.go:114.27,116.4 1 1
github.com/flyteorg/flyteplugins/go/tasks/aws/client.go:123.40,126.26 3 1
github.com/flyteorg/flyteplugins/go/tasks/aws/client.go:130.2,130.27 1 1
github.com/flyteorg/flyteplugins/go/tasks/aws/client.go:126.26,128.3 1 0
github.com/flyteorg/flyteplugins/go/tasks/aws/client.go:133.26,136.26 3 0
github.com/flyteorg/flyteplugins/go/tasks/aws/client.go:136.26,138.3 1 0
github.com/flyteorg/flyteplugins/go/tasks/aws/config.go:45.26,47.2 1 1
github.com/flyteorg/flyteplugins/go/tasks/aws/config.go:49.54,52.44 1 0
github.com/flyteorg/flyteplugins/go/tasks/aws/config.go:58.2,58.16 1 0
github.com/flyteorg/flyteplugins/go/tasks/aws/config.go:62.2,62.23 1 0
github.com/flyteorg/flyteplugins/go/tasks/aws/config.go:52.44,53.66 1 0
github.com/flyteorg/flyteplugins/go/tasks/aws/config.go:53.66,55.5 1 0
github.com/flyteorg/flyteplugins/go/tasks/aws/config.go:58.16,60.3 1 0
github.com/flyteorg/flyteplugins/go/tasks/aws/config.go:65.86,67.2 1 0
github.com/flyteorg/flyteplugins/go/tasks/plugins/array/awsbatch/config/config.go:75.26,77.2 1 0
github.com/flyteorg/flyteplugins/go/tasks/plugins/array/awsbatch/config/config_flags.go:17.57,18.53 1 0
github.com/flyteorg/flyteplugins/go/tasks/plugins/array/awsbatch/config/config_flags.go:28.2,28.10 1 0
github.com/flyteorg/flyteplugins/go/tasks/plugins/array/awsbatch/config/config_flags.go:18.53,19.33 1 0
github.com/flyteorg/flyteplugins/go/tasks/plugins/array/awsbatch/config/config_flags.go:19.33,21.4 1 0
github.com/flyteorg/flyteplugins/go/tasks/plugins/array/awsbatch/config/config_flags.go:21.9,23.4 1 0
github.com/flyteorg/flyteplugins/go/tasks/plugins/array/awsbatch/config/config_flags.go:24.8,24.21 1 0
github.com/flyteorg/flyteplugins/go/tasks/plugins/array/awsbatch/config/config_flags.go:24.21,26.3 1 0
github.com/flyteorg/flyteplugins/go/tasks/plugins/array/awsbatch/config/config_flags.go:31.53,33.16 2 0
github.com/flyteorg/flyteplugins/go/tasks/plugins/array/awsbatch/config/config_flags.go:37.2,37.20 1 0
github.com/flyteorg/flyteplugins/go/tasks/plugins/array/awsbatch/config/config_flags.go:33.16,34.13 1 0
github.com/flyteorg/flyteplugins/go/tasks/plugins/array/awsbatch/config/config_flags.go:40.56,42.16 2 0
github.com/flyteorg/flyteplugins/go/tasks/plugins/array/awsbatch/config/config_flags.go:46.2,46.20 1 0
github.com/flyteorg/flyteplugins/go/tasks/plugins/array/awsbatch/config/config_flags.go:42.16,43.13 1 0
github.com/flyteorg/flyteplugins/go/tasks/plugins/array/awsbatch/config/config_flags.go:51.61,75.2 23 2
github.com/flyteorg/flyteplugins/go/tasks/plugins/k8s/sagemaker/config/config_flags.go:17.57,18.53 1 0
github.com/flyteorg/flyteplugins/go/tasks/plugins/k8s/sagemaker/config/config_flags.go:28.2,28.10 1 0
github.com/flyteorg/flyteplugins/go/tasks/plugins/k8s/sagemaker/config/config_flags.go:18.53,19.33 1 0
github.com/flyteorg/flyteplugins/go/tasks/plugins/k8s/sagemaker/config/config_flags.go:19.33,21.4 1 0
github.com/flyteorg/flyteplugins/go/tasks/plugins/k8s/sagemaker/config/config_flags.go:21.9,23.4 1 0
github.com/flyteorg/flyteplugins/go/tasks/plugins/k8s/sagemaker/config/config_flags.go:24.8,24.21 1 0
github.com/flyteorg/flyteplugins/go/tasks/plugins/k8s/sagemaker/config/config_flags.go:24.21,26.3 1 0
github.com/flyteorg/flyteplugins/go/tasks/plugins/k8s/sagemaker/config/config_flags.go:31.53,33.16 2 0
github.com/flyteorg/flyteplugins/go/tasks/plugins/k8s/sagemaker/config/config_flags.go:37.2,37.20 1 0
github.com/flyteorg/flyteplugins/go/tasks/plugins/k8s/sagemaker/config/config_flags.go:33.16,34.13 1 0
github.com/flyteorg/flyteplugins/go/tasks/plugins/k8s/sagemaker/config/config_flags.go:40.56,42.16 2 0
github.com/flyteorg/flyteplugins/go/tasks/plugins/k8s/sagemaker/config/config_flags.go:46.2,46.20 1 0
github.com/flyteorg/flyteplugins/go/tasks/plugins/k8s/sagemaker/config/config_flags.go:42.16,43.13 1 0
github.com/flyteorg/flyteplugins/go/tasks/plugins/k8s/sagemaker/config/config_flags.go:51.61,57.2 5 2
github.com/flyteorg/flyteplugins/go/tasks/plugins/k8s/sagemaker/config/config.go:56.35,58.2 1 0
github.com/flyteorg/flyteplugins/go/tasks/plugins/k8s/sagemaker/config/config.go:60.44,62.2 1 0
github.com/flyteorg/flyteplugins/go/tasks/plugins/k8s/sagemaker/config/config.go:64.35,66.2 1 0
github.com/flyteorg/flyteplugins/go/tasks/plugins/presto/config/config.go:18.40,20.16 2 1
github.com/flyteorg/flyteplugins/go/tasks/plugins/presto/config/config.go:23.2,23.14 1 1
github.com/flyteorg/flyteplugins/go/tasks/plugins/presto/config/config.go:26.2,27.21 2 0
github.com/flyteorg/flyteplugins/go/tasks/plugins/presto/config/config.go:20.16,22.3 1 0
github.com/flyteorg/flyteplugins/go/tasks/plugins/presto/config/config.go:23.14,25.3 1 1
github.com/flyteorg/flyteplugins/go/tasks/plugins/presto/config/config.go:114.32,116.2 1 0
github.com/flyteorg/flyteplugins/go/tasks/plugins/presto/config/config.go:118.41,120.2 1 0
github.com/flyteorg/flyteplugins/go/tasks/plugins/presto/config/config_flags.go:17.57,18.53 1 0
github.com/flyteorg/flyteplugins/go/tasks/plugins/presto/config/config_flags.go:28.2,28.10 1 0
github.com/flyteorg/flyteplugins/go/tasks/plugins/presto/config/config_flags.go:18.53,19.33 1 0
github.com/flyteorg/flyteplugins/go/tasks/plugins/presto/config/config_flags.go:19.33,21.4 1 0
github.com/flyteorg/flyteplugins/go/tasks/plugins/presto/config/config_flags.go:21.9,23.4 1 0
github.com/flyteorg/flyteplugins/go/tasks/plugins/presto/config/config_flags.go:24.8,24.21 1 0
github.com/flyteorg/flyteplugins/go/tasks/plugins/presto/config/config_flags.go:24.21,26.3 1 0
github.com/flyteorg/flyteplugins/go/tasks/plugins/presto/config/config_flags.go:31.53,33.16 2 0
github.com/flyteorg/flyteplugins/go/tasks/plugins/presto/config/config_flags.go:37.2,37.20 1 0
github.com/flyteorg/flyteplugins/go/tasks/plugins/presto/config/config_flags.go:33.16,34.13 1 0
github.com/flyteorg/flyteplugins/go/tasks/plugins/presto/config/config_flags.go:40.56,42.16 2 0
github.com/flyteorg/flyteplugins/go/tasks/plugins/presto/config/config_flags.go:46.2,46.20 1 0
github.com/flyteorg/flyteplugins/go/tasks/plugins/presto/config/config_flags.go:42.16,43.13 1 0
github.com/flyteorg/flyteplugins/go/tasks/plugins/presto/config/config_flags.go:51.61,66.2 14 2
github.com/flyteorg/flyteplugins/go/tasks/pluginmachinery/catalog/response.go:14.52,16.2 1 0
github.com/flyteorg/flyteplugins/go/tasks/pluginmachinery/catalog/response.go:18.42,20.2 1 0
github.com/flyteorg/flyteplugins/go/tasks/pluginmachinery/catalog/response.go:22.59,24.2 1 0
github.com/flyteorg/flyteplugins/go/tasks/pluginmachinery/catalog/response.go:26.48,28.2 1 0
github.com/flyteorg/flyteplugins/go/tasks/pluginmachinery/catalog/response.go:38.65,39.50 1 0
github.com/flyteorg/flyteplugins/go/tasks/pluginmachinery/catalog/response.go:43.2,43.33 1 0
github.com/flyteorg/flyteplugins/go/tasks/pluginmachinery/catalog/response.go:47.2,47.15 1 0
github.com/flyteorg/flyteplugins/go/tasks/pluginmachinery/catalog/response.go:39.50,41.3 1 0
github.com/flyteorg/flyteplugins/go/tasks/pluginmachinery/catalog/response.go:43.33,45.3 1 0
github.com/flyteorg/flyteplugins/go/tasks/pluginmachinery/catalog/response.go:50.46,52.2 1 0
github.com/flyteorg/flyteplugins/go/tasks/pluginmachinery/catalog/response.go:54.61,56.2 1 0
github.com/flyteorg/flyteplugins/go/tasks/pluginmachinery/catalog/response.go:58.46,60.2 1 0
github.com/flyteorg/flyteplugins/go/tasks/pluginmachinery/catalog/response.go:63.34,74.2 1 2
github.com/flyteorg/flyteplugins/go/tasks/pluginmachinery/catalog/response.go:80.69,87.2 1 2
github.com/flyteorg/flyteplugins/go/tasks/pluginmachinery/catalog/writer_processor.go:23.90,29.2 1 1
github.com/flyteorg/flyteplugins/go/tasks/pluginmachinery/catalog/writer_processor.go:35.114,37.13 2 0
github.com/flyteorg/flyteplugins/go/tasks/pluginmachinery/catalog/writer_processor.go:41.2,42.16 2 0
github.com/flyteorg/flyteplugins/go/tasks/pluginmachinery/catalog/writer_processor.go:49.2,49.74 1 0
github.com/flyteorg/flyteplugins/go/tasks/pluginmachinery/catalog/writer_processor.go:55.2,56.43 2 0
github.com/flyteorg/flyteplugins/go/tasks/pluginmachinery/catalog/writer_processor.go:37.13,39.3 1 0
github.com/flyteorg/flyteplugins/go/tasks/pluginmachinery/catalog/writer_processor.go:42.16,47.3 2 0
github.com/flyteorg/flyteplugins/go/tasks/pluginmachinery/catalog/writer_processor.go:49.74,53.3 1 0
github.com/flyteorg/flyteplugins/go/tasks/pluginmachinery/catalog/writer_processor.go:59.67,63.2 1 0
github.com/flyteorg/flyteplugins/go/tasks/pluginmachinery/catalog/async_client_impl.go:29.63,31.2 1 2
github.com/flyteorg/flyteplugins/go/tasks/pluginmachinery/catalog/async_client_impl.go:33.49,36.16 3 1
github.com/flyteorg/flyteplugins/go/tasks/pluginmachinery/catalog/async_client_impl.go:40.2,41.45 2 1
github.com/flyteorg/flyteplugins/go/tasks/pluginmachinery/catalog/async_client_impl.go:36.16,38.3 1 0
github.com/flyteorg/flyteplugins/go/tasks/pluginmachinery/catalog/async_client_impl.go:44.126,49.37 5 1
github.com/flyteorg/flyteplugins/go/tasks/pluginmachinery/catalog/async_client_impl.go:91.2,91.91 1 1
github.com/flyteorg/flyteplugins/go/tasks/pluginmachinery/catalog/async_client_impl.go:49.37,51.17 2 1
github.com/flyteorg/flyteplugins/go/tasks/pluginmachinery/catalog/async_client_impl.go:55.3,60.17 3 1
github.com/flyteorg/flyteplugins/go/tasks/pluginmachinery/catalog/async_client_impl.go:64.3,65.17 2 1
github.com/flyteorg/flyteplugins/go/tasks/pluginmachinery/catalog/async_client_impl.go:69.3,69.13 1 1
github.com/flyteorg/flyteplugins/go/tasks/pluginmachinery/catalog/async_client_impl.go:73.3,73.24 1 1
github.com/flyteorg/flyteplugins/go/tasks/pluginmachinery/catalog/async_client_impl.go:51.17,53.4 1 0
github.com/flyteorg/flyteplugins/go/tasks/pluginmachinery/catalog/async_client_impl.go:60.17,62.4 1 0
github.com/flyteorg/flyteplugins/go/tasks/pluginmachinery/catalog/async_client_impl.go:65.17,67.4 1 0
github.com/flyteorg/flyteplugins/go/tasks/pluginmachinery/catalog/async_client_impl.go:69.13,71.4 1 0
github.com/flyteorg/flyteplugins/go/tasks/pluginmachinery/catalog/async_client_impl.go:74.38,76.15 2 1
github.com/flyteorg/flyteplugins/go/tasks/pluginmachinery/catalog/async_client_impl.go:80.4,80.33 1 1
github.com/flyteorg/flyteplugins/go/tasks/pluginmachinery/catalog/async_client_impl.go:84.35,85.26 1 0
github.com/flyteorg/flyteplugins/go/tasks/pluginmachinery/catalog/async_client_impl.go:86.36,87.35 1 0
github.com/flyteorg/flyteplugins/go/tasks/pluginmachinery/catalog/async_client_impl.go:76.15,78.5 1 0
github.com/flyteorg/flyteplugins/go/tasks/pluginmachinery/catalog/async_client_impl.go:80.33,83.5 2 0
github.com/flyteorg/flyteplugins/go/tasks/pluginmachinery/catalog/async_client_impl.go:94.117,97.37 3 1
github.com/flyteorg/flyteplugins/go/tasks/pluginmachinery/catalog/async_client_impl.go:125.2,125.46 1 1
github.com/flyteorg/flyteplugins/go/tasks/pluginmachinery/catalog/async_client_impl.go:97.37,104.17 3 1
github.com/flyteorg/flyteplugins/go/tasks/pluginmachinery/catalog/async_client_impl.go:108.3,109.17 2 1
github.com/flyteorg/flyteplugins/go/tasks/pluginmachinery/catalog/async_client_impl.go:113.3,113.13 1 1
github.com/flyteorg/flyteplugins/go/tasks/pluginmachinery/catalog/async_client_impl.go:117.3,117.24 1 1
github.com/flyteorg/flyteplugins/go/tasks/pluginmachinery/catalog/async_client_impl.go:104.17,106.4 1 0
github.com/flyteorg/flyteplugins/go/tasks/pluginmachinery/catalog/async_client_impl.go:109.17,111.4 1 0
github.com/flyteorg/flyteplugins/go/tasks/pluginmachinery/catalog/async_client_impl.go:113.13,115.4 1 0
github.com/flyteorg/flyteplugins/go/tasks/pluginmachinery/catalog/async_client_impl.go:118.36,119.35 1 0
github.com/flyteorg/flyteplugins/go/tasks/pluginmachinery/catalog/async_client_impl.go:120.35,121.26 1 0
github.com/flyteorg/flyteplugins/go/tasks/pluginmachinery/catalog/async_client_impl.go:128.59,129.44 1 0
github.com/flyteorg/flyteplugins/go/tasks/pluginmachinery/catalog/async_client_impl.go:133.2,133.44 1 0
github.com/flyteorg/flyteplugins/go/tasks/pluginmachinery/catalog/async_client_impl.go:137.2,137.12 1 0
github.com/flyteorg/flyteplugins/go/tasks/pluginmachinery/catalog/async_client_impl.go:129.44,131.3 1 0
github.com/flyteorg/flyteplugins/go/tasks/pluginmachinery/catalog/async_client_impl.go:133.44,135.3 1 0
github.com/flyteorg/flyteplugins/go/tasks/pluginmachinery/catalog/async_client_impl.go:140.96,143.16 2 0
github.com/flyteorg/flyteplugins/go/tasks/pluginmachinery/catalog/async_client_impl.go:147.2,149.16 2 0
github.com/flyteorg/flyteplugins/go/tasks/pluginmachinery/catalog/async_client_impl.go:153.2,156.8 1 0
github.com/flyteorg/flyteplugins/go/tasks/pluginmachinery/catalog/async_client_impl.go:143.16,145.3 1 0
github.com/flyteorg/flyteplugins/go/tasks/pluginmachinery/catalog/async_client_impl.go:149.16,151.3 1 0
github.com/flyteorg/flyteplugins/go/tasks/pluginmachinery/catalog/client.go:34.30,36.2 1 2
github.com/flyteorg/flyteplugins/go/tasks/pluginmachinery/catalog/client.go:44.58,46.2 1 3
github.com/flyteorg/flyteplugins/go/tasks/pluginmachinery/catalog/client.go:48.53,50.2 1 15
github.com/flyteorg/flyteplugins/go/tasks/pluginmachinery/catalog/client.go:52.86,54.2 1 3
github.com/flyteorg/flyteplugins/go/tasks/pluginmachinery/catalog/client.go:62.45,64.2 1 0
github.com/flyteorg/flyteplugins/go/tasks/pluginmachinery/catalog/client.go:66.35,68.2 1 2
github.com/flyteorg/flyteplugins/go/tasks/pluginmachinery/catalog/client.go:70.49,72.2 1 1
github.com/flyteorg/flyteplugins/go/tasks/pluginmachinery/catalog/client.go:74.68,76.2 1 1
github.com/flyteorg/flyteplugins/go/tasks/pluginmachinery/catalog/client.go:87.52,89.2 1 2
github.com/flyteorg/flyteplugins/go/tasks/pluginmachinery/catalog/client.go:92.64,94.2 1 2
github.com/flyteorg/flyteplugins/go/tasks/pluginmachinery/catalog/client.go:97.47,99.2 1 2
github.com/flyteorg/flyteplugins/go/tasks/pluginmachinery/catalog/client.go:102.70,104.2 1 2
github.com/flyteorg/flyteplugins/go/tasks/pluginmachinery/catalog/client.go:107.88,115.2 2 1
github.com/flyteorg/flyteplugins/go/tasks/pluginmachinery/catalog/client.go:118.152,125.2 1 1
github.com/flyteorg/flyteplugins/go/tasks/pluginmachinery/catalog/client.go:144.33,147.2 2 0
github.com/flyteorg/flyteplugins/go/tasks/pluginmachinery/catalog/config.go:30.26,32.2 1 0
github.com/flyteorg/flyteplugins/go/tasks/pluginmachinery/catalog/config_flags.go:17.57,18.53 1 0
github.com/flyteorg/flyteplugins/go/tasks/pluginmachinery/catalog/config_flags.go:28.2,28.10 1 0
github.com/flyteorg/flyteplugins/go/tasks/pluginmachinery/catalog/config_flags.go:18.53,19.33 1 0
github.com/flyteorg/flyteplugins/go/tasks/pluginmachinery/catalog/config_flags.go:19.33,21.4 1 0
github.com/flyteorg/flyteplugins/go/tasks/pluginmachinery/catalog/config_flags.go:21.9,23.4 1 0
github.com/flyteorg/flyteplugins/go/tasks/pluginmachinery/catalog/config_flags.go:24.8,24.21 1 0
github.com/flyteorg/flyteplugins/go/tasks/pluginmachinery/catalog/config_flags.go:24.21,26.3 1 0
github.com/flyteorg/flyteplugins/go/tasks/pluginmachinery/catalog/config_flags.go:31.53,33.16 2 0
github.com/flyteorg/flyteplugins/go/tasks/pluginmachinery/catalog/config_flags.go:37.2,37.20 1 0
github.com/flyteorg/flyteplugins/go/tasks/pluginmachinery/catalog/config_flags.go:33.16,34.13 1 0
github.com/flyteorg/flyteplugins/go/tasks/pluginmachinery/catalog/config_flags.go:40.56,42.16 2 0
github.com/flyteorg/flyteplugins/go/tasks/pluginmachinery/catalog/config_flags.go:46.2,46.20 1 0
github.com/flyteorg/flyteplugins/go/tasks/pluginmachinery/catalog/config_flags.go:42.16,43.13 1 0
github.com/flyteorg/flyteplugins/go/tasks/pluginmachinery/catalog/config_flags.go:51.61,60.2 8 2
github.com/flyteorg/flyteplugins/go/tasks/pluginmachinery/catalog/reader_processor.go:29.44,31.2 1 1
github.com/flyteorg/flyteplugins/go/tasks/pluginmachinery/catalog/reader_processor.go:33.80,38.2 1 3
github.com/flyteorg/flyteplugins/go/tasks/pluginmachinery/catalog/reader_processor.go:44.114,46.13 2 0
github.com/flyteorg/flyteplugins/go/tasks/pluginmachinery/catalog/reader_processor.go:50.2,51.16 2 0
github.com/flyteorg/flyteplugins/go/tasks/pluginmachinery/catalog/reader_processor.go:63.2,63.80 1 0
github.com/flyteorg/flyteplugins/go/tasks/pluginmachinery/catalog/reader_processor.go:67.2,67.96 1 0
github.com/flyteorg/flyteplugins/go/tasks/pluginmachinery/catalog/reader_processor.go:73.2,75.16 3 0
github.com/flyteorg/flyteplugins/go/tasks/pluginmachinery/catalog/reader_processor.go:81.2,84.43 3 0
github.com/flyteorg/flyteplugins/go/tasks/pluginmachinery/catalog/reader_processor.go:46.13,48.3 1 0
github.com/flyteorg/flyteplugins/go/tasks/pluginmachinery/catalog/reader_processor.go:51.16,52.22 1 0
github.com/flyteorg/flyteplugins/go/tasks/pluginmachinery/catalog/reader_processor.go:58.3,60.41 3 0
github.com/flyteorg/flyteplugins/go/tasks/pluginmachinery/catalog/reader_processor.go:52.22,56.4 3 0
github.com/flyteorg/flyteplugins/go/tasks/pluginmachinery/catalog/reader_processor.go:63.80,65.3 1 0
github.com/flyteorg/flyteplugins/go/tasks/pluginmachinery/catalog/reader_processor.go:67.96,70.3 2 0
github.com/flyteorg/flyteplugins/go/tasks/pluginmachinery/catalog/reader_processor.go:75.16,79.3 3 0
github.com/flyteorg/flyteplugins/go/tasks/pluginmachinery/catalog/reader_processor.go:87.63,91.2 1 0
github.com/flyteorg/flyteplugins/go/tasks/pluginmachinery/flytek8s/config/config.go:189.44,191.2 1 2
github.com/flyteorg/flyteplugins/go/tasks/pluginmachinery/flytek8s/config/config.go:194.53,196.2 1 0
github.com/flyteorg/flyteplugins/go/tasks/pluginmachinery/flytek8s/config/k8spluginconfig_flags.go:17.66,18.53 1 0
github.com/flyteorg/flyteplugins/go/tasks/pluginmachinery/flytek8s/config/k8spluginconfig_flags.go:28.2,28.10 1 0
github.com/flyteorg/flyteplugins/go/tasks/pluginmachinery/flytek8s/config/k8spluginconfig_flags.go:18.53,19.33 1 0
github.com/flyteorg/flyteplugins/go/tasks/pluginmachinery/flytek8s/config/k8spluginconfig_flags.go:19.33,21.4 1 0
github.com/flyteorg/flyteplugins/go/tasks/pluginmachinery/flytek8s/config/k8spluginconfig_flags.go:21.9,23.4 1 0
github.com/flyteorg/flyteplugins/go/tasks/pluginmachinery/flytek8s/config/k8spluginconfig_flags.go:24.8,24.21 1 0
github.com/flyteorg/flyteplugins/go/tasks/pluginmachinery/flytek8s/config/k8spluginconfig_flags.go:24.21,26.3 1 0
github.com/flyteorg/flyteplugins/go/tasks/pluginmachinery/flytek8s/config/k8spluginconfig_flags.go:31.62,33.16 2 0
github.com/flyteorg/flyteplugins/go/tasks/pluginmachinery/flytek8s/config/k8spluginconfig_flags.go:37.2,37.20 1 0
github.com/flyteorg/flyteplugins/go/tasks/pluginmachinery/flytek8s/config/k8spluginconfig_flags.go:33.16,34.13 1 0
github.com/flyteorg/flyteplugins/go/tasks/pluginmachinery/flytek8s/config/k8spluginconfig_flags.go:40.65,42.16 2 0
github.com/flyteorg/flyteplugins/go/tasks/pluginmachinery/flytek8s/config/k8spluginconfig_flags.go:46.2,46.20 1 0
github.com/flyteorg/flyteplugins/go/tasks/pluginmachinery/flytek8s/config/k8spluginconfig_flags.go:42.16,43.13 1 0
github.com/flyteorg/flyteplugins/go/tasks/pluginmachinery/flytek8s/config/k8spluginconfig_flags.go:51.70,70.2 18 2
github.com/flyteorg/flyteplugins/go/tasks/pluginmachinery/utils/maps.go:5.61,7.25 2 3
github.com/flyteorg/flyteplugins/go/tasks/pluginmachinery/utils/maps.go:11.2,12.25 2 3
github.com/flyteorg/flyteplugins/go/tasks/pluginmachinery/utils/maps.go:18.2,18.18 1 3
github.com/flyteorg/flyteplugins/go/tasks/pluginmachinery/utils/maps.go:7.25,9.3 1 6
github.com/flyteorg/flyteplugins/go/tasks/pluginmachinery/utils/maps.go:12.25,13.23 1 6
github.com/flyteorg/flyteplugins/go/tasks/pluginmachinery/utils/maps.go:13.23,15.4 1 4
github.com/flyteorg/flyteplugins/go/tasks/pluginmachinery/utils/marshal_utils.go:18.75,19.22 1 0
github.com/flyteorg/flyteplugins/go/tasks/pluginmachinery/utils/marshal_utils.go:23.2,24.16 2 0
github.com/flyteorg/flyteplugins/go/tasks/pluginmachinery/utils/marshal_utils.go:28.2,28.84 1 0
github.com/flyteorg/flyteplugins/go/tasks/pluginmachinery/utils/marshal_utils.go:32.2,32.12 1 0
github.com/flyteorg/flyteplugins/go/tasks/pluginmachinery/utils/marshal_utils.go:19.22,21.3 1 0
github.com/flyteorg/flyteplugins/go/tasks/pluginmachinery/utils/marshal_utils.go:24.16,26.3 1 0
github.com/flyteorg/flyteplugins/go/tasks/pluginmachinery/utils/marshal_utils.go:28.84,30.3 1 0
github.com/flyteorg/flyteplugins/go/tasks/pluginmachinery/utils/marshal_utils.go:35.66,36.16 1 0
github.com/flyteorg/flyteplugins/go/tasks/pluginmachinery/utils/marshal_utils.go:40.2,41.16 2 0
github.com/flyteorg/flyteplugins/go/tasks/pluginmachinery/utils/marshal_utils.go:45.2,45.60 1 0
github.com/flyteorg/flyteplugins/go/tasks/pluginmachinery/utils/marshal_utils.go:49.2,49.12 1 0
github.com/flyteorg/flyteplugins/go/tasks/pluginmachinery/utils/marshal_utils.go:36.16,38.3 1 0
github.com/flyteorg/flyteplugins/go/tasks/pluginmachinery/utils/marshal_utils.go:41.16,43.3 1 0
github.com/flyteorg/flyteplugins/go/tasks/pluginmachinery/utils/marshal_utils.go:45.60,47.3 1 0
github.com/flyteorg/flyteplugins/go/tasks/pluginmachinery/utils/marshal_utils.go:52.57,54.2 1 0
github.com/flyteorg/flyteplugins/go/tasks/pluginmachinery/utils/marshal_utils.go:58.70,60.16 2 0
github.com/flyteorg/flyteplugins/go/tasks/pluginmachinery/utils/marshal_utils.go:65.2,66.69 2 0
github.com/flyteorg/flyteplugins/go/tasks/pluginmachinery/utils/marshal_utils.go:69.2,69.23 1 0
github.com/flyteorg/flyteplugins/go/tasks/pluginmachinery/utils/marshal_utils.go:60.16,62.3 1 0
github.com/flyteorg/flyteplugins/go/tasks/pluginmachinery/utils/marshal_utils.go:66.69,68.3 1 0
github.com/flyteorg/flyteplugins/go/tasks/pluginmachinery/utils/marshal_utils.go:73.78,74.22 1 3
github.com/flyteorg/flyteplugins/go/tasks/pluginmachinery/utils/marshal_utils.go:78.2,79.16 2 2
github.com/flyteorg/flyteplugins/go/tasks/pluginmachinery/utils/marshal_utils.go:83.2,83.52 1 2
github.com/flyteorg/flyteplugins/go/tasks/pluginmachinery/utils/marshal_utils.go:87.2,87.12 1 1
github.com/flyteorg/flyteplugins/go/tasks/pluginmachinery/utils/marshal_utils.go:74.22,76.3 1 1
github.com/flyteorg/flyteplugins/go/tasks/pluginmachinery/utils/marshal_utils.go:79.16,81.3 1 0
github.com/flyteorg/flyteplugins/go/tasks/pluginmachinery/utils/marshal_utils.go:83.52,85.3 1 1
github.com/flyteorg/flyteplugins/go/tasks/pluginmachinery/utils/transformers.go:3.57,4.14 1 2
github.com/flyteorg/flyteplugins/go/tasks/pluginmachinery/utils/transformers.go:7.2,8.22 2 1
github.com/flyteorg/flyteplugins/go/tasks/pluginmachinery/utils/transformers.go:11.2,11.8 1 1
github.com/flyteorg/flyteplugins/go/tasks/pluginmachinery/utils/transformers.go:4.14,6.3 1 1
github.com/flyteorg/flyteplugins/go/tasks/pluginmachinery/utils/transformers.go:8.22,10.3 1 1
github.com/flyteorg/flyteplugins/go/tasks/pluginmachinery/utils/transformers.go:14.42,15.14 1 4
github.com/flyteorg/flyteplugins/go/tasks/pluginmachinery/utils/transformers.go:19.2,19.22 1 3
github.com/flyteorg/flyteplugins/go/tasks/pluginmachinery/utils/transformers.go:25.2,25.14 1 2
github.com/flyteorg/flyteplugins/go/tasks/pluginmachinery/utils/transformers.go:15.14,17.3 1 1
github.com/flyteorg/flyteplugins/go/tasks/pluginmachinery/utils/transformers.go:19.22,20.13 1 5
github.com/flyteorg/flyteplugins/go/tasks/pluginmachinery/utils/transformers.go:20.13,22.4 1 1
github.com/flyteorg/flyteplugins/go/tasks/pluginmachinery/utils/dns.go:17.68,18.65 1 10
github.com/flyteorg/flyteplugins/go/tasks/pluginmachinery/utils/dns.go:21.2,25.54 5 7
github.com/flyteorg/flyteplugins/go/tasks/pluginmachinery/utils/dns.go:33.2,33.13 1 7
github.com/flyteorg/flyteplugins/go/tasks/pluginmachinery/utils/dns.go:18.65,20.3 1 3
github.com/flyteorg/flyteplugins/go/tasks/pluginmachinery/utils/dns.go:25.54,27.17 2 1
github.com/flyteorg/flyteplugins/go/tasks/pluginmachinery/utils/dns.go:27.17,29.4 1 1
github.com/flyteorg/flyteplugins/go/tasks/pluginmachinery/utils/dns.go:29.9,31.4 1 0
github.com/flyteorg/flyteplugins/go/tasks/pluginmachinery/utils/dns.go:37.54,39.2 1 9
github.com/flyteorg/flyteplugins/go/tasks/pluginmachinery/utils/error_collection.go:12.41,14.33 2 4
github.com/flyteorg/flyteplugins/go/tasks/pluginmachinery/utils/error_collection.go:18.2,18.20 1 4
github.com/flyteorg/flyteplugins/go/tasks/pluginmachinery/utils/error_collection.go:14.33,16.3 1 5
github.com/flyteorg/flyteplugins/go/tasks/logs/config.go:52.32,54.2 1 0
github.com/flyteorg/flyteplugins/go/tasks/logs/config.go:57.47,59.2 1 0
github.com/flyteorg/flyteplugins/go/tasks/logs/logconfig_flags.go:17.60,18.53 1 0
github.com/flyteorg/flyteplugins/go/tasks/logs/logconfig_flags.go:28.2,28.10 1 0
github.com/flyteorg/flyteplugins/go/tasks/logs/logconfig_flags.go:18.53,19.33 1 0
github.com/flyteorg/flyteplugins/go/tasks/logs/logconfig_flags.go:19.33,21.4 1 0
github.com/flyteorg/flyteplugins/go/tasks/logs/logconfig_flags.go:21.9,23.4 1 0
github.com/flyteorg/flyteplugins/go/tasks/logs/logconfig_flags.go:24.8,24.21 1 0
github.com/flyteorg/flyteplugins/go/tasks/logs/logconfig_flags.go:24.21,26.3 1 0
github.com/flyteorg/flyteplugins/go/tasks/logs/logconfig_flags.go:31.56,33.16 2 0
github.com/flyteorg/flyteplugins/go/tasks/logs/logconfig_flags.go:37.2,37.20 1 0
github.com/flyteorg/flyteplugins/go/tasks/logs/logconfig_flags.go:33.16,34.13 1 0
github.com/flyteorg/flyteplugins/go/tasks/logs/logconfig_flags.go:40.59,42.16 2 0
github.com/flyteorg/flyteplugins/go/tasks/logs/logconfig_flags.go:46.2,46.20 1 0
github.com/flyteorg/flyteplugins/go/tasks/logs/logconfig_flags.go:42.16,43.13 1 0
github.com/flyteorg/flyteplugins/go/tasks/logs/logconfig_flags.go:51.64,65.2 13 2
github.com/flyteorg/flyteplugins/go/tasks/logs/logging_utils.go:21.149,22.22 1 11
github.com/flyteorg/flyteplugins/go/tasks/logs/logging_utils.go:26.2,26.16 1 10
github.com/flyteorg/flyteplugins/go/tasks/logs/logging_utils.go:31.2,31.47 1 9
github.com/flyteorg/flyteplugins/go/tasks/logs/logging_utils.go:36.2,36.56 1 7
github.com/flyteorg/flyteplugins/go/tasks/logs/logging_utils.go:41.2,54.16 2 7
github.com/flyteorg/flyteplugins/go/tasks/logs/logging_utils.go:58.2,58.27 1 7
github.com/flyteorg/flyteplugins/go/tasks/logs/logging_utils.go:22.22,24.3 1 1
github.com/flyteorg/flyteplugins/go/tasks/logs/logging_utils.go:26.16,29.3 2 1
github.com/flyteorg/flyteplugins/go/tasks/logs/logging_utils.go:31.47,34.3 2 2
github.com/flyteorg/flyteplugins/go/tasks/logs/logging_utils.go:36.56,39.3 2 0
github.com/flyteorg/flyteplugins/go/tasks/logs/logging_utils.go:54.16,56.3 1 0
github.com/flyteorg/flyteplugins/go/tasks/logs/logging_utils.go:65.102,68.38 3 7
github.com/flyteorg/flyteplugins/go/tasks/logs/logging_utils.go:78.2,80.8 1 7
github.com/flyteorg/flyteplugins/go/tasks/logs/logging_utils.go:68.38,71.17 3 10
github.com/flyteorg/flyteplugins/go/tasks/logs/logging_utils.go:75.3,75.37 1 10
github.com/flyteorg/flyteplugins/go/tasks/logs/logging_utils.go:71.17,73.4 1 0
github.com/flyteorg/flyteplugins/go/tasks/logs/logging_utils.go:84.67,88.29 2 11
github.com/flyteorg/flyteplugins/go/tasks/logs/logging_utils.go:96.2,96.29 1 11
github.com/flyteorg/flyteplugins/go/tasks/logs/logging_utils.go:105.2,105.30 1 11
github.com/flyteorg/flyteplugins/go/tasks/logs/logging_utils.go:114.2,114.28 1 11
github.com/flyteorg/flyteplugins/go/tasks/logs/logging_utils.go:120.2,120.26 1 11
github.com/flyteorg/flyteplugins/go/tasks/logs/logging_utils.go:124.2,126.8 1 10
github.com/flyteorg/flyteplugins/go/tasks/logs/logging_utils.go:88.29,89.41 1 3
github.com/flyteorg/flyteplugins/go/tasks/logs/logging_utils.go:89.41,91.4 1 1
github.com/flyteorg/flyteplugins/go/tasks/logs/logging_utils.go:91.9,93.4 1 2
github.com/flyteorg/flyteplugins/go/tasks/logs/logging_utils.go:96.29,97.41 1 6
github.com/flyteorg/flyteplugins/go/tasks/logs/logging_utils.go:97.41,99.4 1 1
github.com/flyteorg/flyteplugins/go/tasks/logs/logging_utils.go:99.9,102.4 1 5
github.com/flyteorg/flyteplugins/go/tasks/logs/logging_utils.go:105.30,106.42 1 3
github.com/flyteorg/flyteplugins/go/tasks/logs/logging_utils.go:106.42,108.4 1 2
github.com/flyteorg/flyteplugins/go/tasks/logs/logging_utils.go:108.9,111.4 1 1
github.com/flyteorg/flyteplugins/go/tasks/logs/logging_utils.go:114.28,115.37 1 1
github.com/flyteorg/flyteplugins/go/tasks/logs/logging_utils.go:115.37,117.4 1 1
github.com/flyteorg/flyteplugins/go/tasks/logs/logging_utils.go:120.26,122.3 1 1
github.com/flyteorg/flyteplugins/go/tasks/pluginmachinery/core/template/template.go:54.41,56.33 2 0
github.com/flyteorg/flyteplugins/go/tasks/pluginmachinery/core/template/template.go:60.2,60.20 1 0
github.com/flyteorg/flyteplugins/go/tasks/pluginmachinery/core/template/template.go:56.33,58.3 1 0
github.com/flyteorg/flyteplugins/go/tasks/pluginmachinery/core/template/template.go:77.95,78.29 1 23
github.com/flyteorg/flyteplugins/go/tasks/pluginmachinery/core/template/template.go:83.2,88.54 5 22
github.com/flyteorg/flyteplugins/go/tasks/pluginmachinery/core/template/template.go:91.2,92.34 2 22
github.com/flyteorg/flyteplugins/go/tasks/pluginmachinery/core/template/template.go:101.2,101.17 1 20
github.com/flyteorg/flyteplugins/go/tasks/pluginmachinery/core/template/template.go:78.29,80.3 1 1
github.com/flyteorg/flyteplugins/go/tasks/pluginmachinery/core/template/template.go:88.54,90.3 1 0
github.com/flyteorg/flyteplugins/go/tasks/pluginmachinery/core/template/template.go:92.34,94.17 2 90
github.com/flyteorg/flyteplugins/go/tasks/pluginmachinery/core/template/template.go:98.3,98.29 1 88
github.com/flyteorg/flyteplugins/go/tasks/pluginmachinery/core/template/template.go:94.17,96.4 1 2
github.com/flyteorg/flyteplugins/go/tasks/pluginmachinery/core/template/template.go:104.111,111.26 6 90
github.com/flyteorg/flyteplugins/go/tasks/pluginmachinery/core/template/template.go:114.2,120.40 4 90
github.com/flyteorg/flyteplugins/go/tasks/pluginmachinery/core/template/template.go:129.2,130.16 2 89
github.com/flyteorg/flyteplugins/go/tasks/pluginmachinery/core/template/template.go:133.2,133.45 1 89
github.com/flyteorg/flyteplugins/go/tasks/pluginmachinery/core/template/template.go:137.2,138.70 2 23
github.com/flyteorg/flyteplugins/go/tasks/pluginmachinery/core/template/template.go:149.2,149.26 1 23
github.com/flyteorg/flyteplugins/go/tasks/pluginmachinery/core/template/template.go:153.2,153.17 1 22
github.com/flyteorg/flyteplugins/go/tasks/pluginmachinery/core/template/template.go:111.26,113.3 1 74
github.com/flyteorg/flyteplugins/go/tasks/pluginmachinery/core/template/template.go:120.40,122.17 2 2
github.com/flyteorg/flyteplugins/go/tasks/pluginmachinery/core/template/template.go:126.3,126.60 1 1
github.com/flyteorg/flyteplugins/go/tasks/pluginmachinery/core/template/template.go:122.17,125.4 2 1
github.com/flyteorg/flyteplugins/go/tasks/pluginmachinery/core/template/template.go:130.16,132.3 1 0
github.com/flyteorg/flyteplugins/go/tasks/pluginmachinery/core/template/template.go:133.45,135.3 1 66
github.com/flyteorg/flyteplugins/go/tasks/pluginmachinery/core/template/template.go:138.70,142.17 4 8
github.com/flyteorg/flyteplugins/go/tasks/pluginmachinery/core/template/template.go:146.3,146.18 1 7
github.com/flyteorg/flyteplugins/go/tasks/pluginmachinery/core/template/template.go:142.17,145.4 2 1
github.com/flyteorg/flyteplugins/go/tasks/pluginmachinery/core/template/template.go:149.26,151.3 1 1
github.com/flyteorg/flyteplugins/go/tasks/pluginmachinery/core/template/template.go:156.115,158.13 2 8
github.com/flyteorg/flyteplugins/go/tasks/pluginmachinery/core/template/template.go:162.2,163.16 2 7
github.com/flyteorg/flyteplugins/go/tasks/pluginmachinery/core/template/template.go:166.2,166.15 1 7
github.com/flyteorg/flyteplugins/go/tasks/pluginmachinery/core/template/template.go:158.13,160.3 1 1
github.com/flyteorg/flyteplugins/go/tasks/pluginmachinery/core/template/template.go:163.16,165.3 1 0
github.com/flyteorg/flyteplugins/go/tasks/pluginmachinery/core/template/template.go:169.63,170.29 1 11
github.com/flyteorg/flyteplugins/go/tasks/pluginmachinery/core/template/template.go:171.34,172.43 1 3
github.com/flyteorg/flyteplugins/go/tasks/pluginmachinery/core/template/template.go:173.34,174.43 1 0
github.com/flyteorg/flyteplugins/go/tasks/pluginmachinery/core/template/template.go:175.35,176.49 1 2
github.com/flyteorg/flyteplugins/go/tasks/pluginmachinery/core/template/template.go:177.35,178.34 1 0
github.com/flyteorg/flyteplugins/go/tasks/pluginmachinery/core/template/template.go:179.37,180.46 1 0
github.com/flyteorg/flyteplugins/go/tasks/pluginmachinery/core/template/template.go:181.38,182.28 1 6
github.com/flyteorg/flyteplugins/go/tasks/pluginmachinery/core/template/template.go:183.10,184.95 1 0
github.com/flyteorg/flyteplugins/go/tasks/pluginmachinery/core/template/template.go:188.64,189.29 1 13
github.com/flyteorg/flyteplugins/go/tasks/pluginmachinery/core/template/template.go:190.33,191.41 1 11
github.com/flyteorg/flyteplugins/go/tasks/pluginmachinery/core/template/template.go:192.28,193.25 1 1
github.com/flyteorg/flyteplugins/go/tasks/pluginmachinery/core/template/template.go:194.30,195.27 1 1
github.com/flyteorg/flyteplugins/go/tasks/pluginmachinery/core/template/template.go:196.10,197.92 1 0
github.com/flyteorg/flyteplugins/go/tasks/pluginmachinery/core/template/template.go:201.80,202.29 1 17
github.com/flyteorg/flyteplugins/go/tasks/pluginmachinery/core/template/template.go:203.35,205.45 2 4
github.com/flyteorg/flyteplugins/go/tasks/pluginmachinery/core/template/template.go:214.3,214.58 1 4
github.com/flyteorg/flyteplugins/go/tasks/pluginmachinery/core/template/template.go:215.31,216.42 1 13
github.com/flyteorg/flyteplugins/go/tasks/pluginmachinery/core/template/template.go:217.10,219.95 2 0
github.com/flyteorg/flyteplugins/go/tasks/pluginmachinery/core/template/template.go:205.45,207.18 2 8
github.com/flyteorg/flyteplugins/go/tasks/pluginmachinery/core/template/template.go:211.4,211.24 1 8
github.com/flyteorg/flyteplugins/go/tasks/pluginmachinery/core/template/template.go:207.18,209.5 1 0
github.com/flyteorg/flyteplugins/go/tasks/pluginmachinery/bundle/fail_fast.go:19.41,21.2 1 1
github.com/flyteorg/flyteplugins/go/tasks/pluginmachinery/bundle/fail_fast.go:23.64,25.2 1 1
github.com/flyteorg/flyteplugins/go/tasks/pluginmachinery/bundle/fail_fast.go:27.111,30.16 3 1
github.com/flyteorg/flyteplugins/go/tasks/pluginmachinery/bundle/fail_fast.go:34.2,38.11 1 1
github.com/flyteorg/flyteplugins/go/tasks/pluginmachinery/bundle/fail_fast.go:30.16,33.3 1 0
github.com/flyteorg/flyteplugins/go/tasks/pluginmachinery/bundle/fail_fast.go:41.86,43.2 1 1
github.com/flyteorg/flyteplugins/go/tasks/pluginmachinery/bundle/fail_fast.go:45.89,47.2 1 1
github.com/flyteorg/flyteplugins/go/tasks/pluginmachinery/bundle/fail_fast.go:49.88,51.2 1 0
github.com/flyteorg/flyteplugins/go/tasks/pluginmachinery/bundle/fail_fast.go:53.13,68.2 2 1
github.com/flyteorg/flyteplugins/go/tasks/pluginmachinery/core/plugin.go:59.92,61.16 2 4
github.com/flyteorg/flyteplugins/go/tasks/pluginmachinery/core/plugin.go:65.2,66.55 2 4
github.com/flyteorg/flyteplugins/go/tasks/pluginmachinery/core/plugin.go:70.2,70.20 1 3
github.com/flyteorg/flyteplugins/go/tasks/pluginmachinery/core/plugin.go:61.16,63.3 1 0
github.com/flyteorg/flyteplugins/go/tasks/pluginmachinery/core/plugin.go:66.55,68.3 1 1
github.com/flyteorg/flyteplugins/go/tasks/pluginmachinery/core/transition.go:30.43,32.2 1 4
github.com/flyteorg/flyteplugins/go/tasks/pluginmachinery/core/transition.go:34.38,36.2 1 8
github.com/flyteorg/flyteplugins/go/tasks/pluginmachinery/core/transition.go:38.37,40.2 1 1
github.com/flyteorg/flyteplugins/go/tasks/pluginmachinery/core/transition.go:47.72,49.2 1 5
github.com/flyteorg/flyteplugins/go/tasks/pluginmachinery/core/transition.go:52.46,54.2 1 2
github.com/flyteorg/flyteplugins/go/tasks/pluginmachinery/core/allocationstatus_enumer.go:13.43,14.67 1 0
github.com/flyteorg/flyteplugins/go/tasks/pluginmachinery/core/allocationstatus_enumer.go:17.2,17.85 1 0
github.com/flyteorg/flyteplugins/go/tasks/pluginmachinery/core/allocationstatus_enumer.go:14.67,16.3 1 0
github.com/flyteorg/flyteplugins/go/tasks/pluginmachinery/core/allocationstatus_enumer.go:31.65,32.55 1 0
github.com/flyteorg/flyteplugins/go/tasks/pluginmachinery/core/allocationstatus_enumer.go:35.2,35.74 1 0
github.com/flyteorg/flyteplugins/go/tasks/pluginmachinery/core/allocationstatus_enumer.go:32.55,34.3 1 0
github.com/flyteorg/flyteplugins/go/tasks/pluginmachinery/core/allocationstatus_enumer.go:39.50,41.2 1 0
github.com/flyteorg/flyteplugins/go/tasks/pluginmachinery/core/allocationstatus_enumer.go:44.54,45.44 1 0
github.com/flyteorg/flyteplugins/go/tasks/pluginmachinery/core/allocationstatus_enumer.go:50.2,50.14 1 0
github.com/flyteorg/flyteplugins/go/tasks/pluginmachinery/core/allocationstatus_enumer.go:45.44,46.13 1 0
github.com/flyteorg/flyteplugins/go/tasks/pluginmachinery/core/allocationstatus_enumer.go:46.13,48.4 1 0
github.com/flyteorg/flyteplugins/go/tasks/pluginmachinery/core/transitiontype_enumer.go:13.41,14.63 1 3
github.com/flyteorg/flyteplugins/go/tasks/pluginmachinery/core/transitiontype_enumer.go:17.2,17.79 1 3
github.com/flyteorg/flyteplugins/go/tasks/pluginmachinery/core/transitiontype_enumer.go:14.63,16.3 1 0
github.com/flyteorg/flyteplugins/go/tasks/pluginmachinery/core/transitiontype_enumer.go:29.61,30.53 1 0
github.com/flyteorg/flyteplugins/go/tasks/pluginmachinery/core/transitiontype_enumer.go:33.2,33.72 1 0
github.com/flyteorg/flyteplugins/go/tasks/pluginmachinery/core/transitiontype_enumer.go:30.53,32.3 1 0
github.com/flyteorg/flyteplugins/go/tasks/pluginmachinery/core/transitiontype_enumer.go:37.46,39.2 1 0
github.com/flyteorg/flyteplugins/go/tasks/pluginmachinery/core/transitiontype_enumer.go:42.50,43.42 1 0
github.com/flyteorg/flyteplugins/go/tasks/pluginmachinery/core/transitiontype_enumer.go:48.2,48.14 1 0
github.com/flyteorg/flyteplugins/go/tasks/pluginmachinery/core/transitiontype_enumer.go:43.42,44.13 1 0
github.com/flyteorg/flyteplugins/go/tasks/pluginmachinery/core/transitiontype_enumer.go:44.13,46.4 1 0
github.com/flyteorg/flyteplugins/go/tasks/pluginmachinery/core/resource_manager.go:30.94,32.2 1 0
github.com/flyteorg/flyteplugins/go/tasks/pluginmachinery/core/phase.go:54.34,56.2 1 0
github.com/flyteorg/flyteplugins/go/tasks/pluginmachinery/core/phase.go:58.33,60.2 1 0
github.com/flyteorg/flyteplugins/go/tasks/pluginmachinery/core/phase.go:62.33,64.2 1 0
github.com/flyteorg/flyteplugins/go/tasks/pluginmachinery/core/phase.go:66.45,68.2 1 0
github.com/flyteorg/flyteplugins/go/tasks/pluginmachinery/core/phase.go:98.36,100.2 1 1
github.com/flyteorg/flyteplugins/go/tasks/pluginmachinery/core/phase.go:119.34,121.2 1 4
github.com/flyteorg/flyteplugins/go/tasks/pluginmachinery/core/phase.go:123.37,125.2 1 0
github.com/flyteorg/flyteplugins/go/tasks/pluginmachinery/core/phase.go:127.36,129.2 1 0
github.com/flyteorg/flyteplugins/go/tasks/pluginmachinery/core/phase.go:131.37,133.2 1 0
github.com/flyteorg/flyteplugins/go/tasks/pluginmachinery/core/phase.go:135.47,137.2 1 0
github.com/flyteorg/flyteplugins/go/tasks/pluginmachinery/core/phase.go:139.36,140.18 1 1
github.com/flyteorg/flyteplugins/go/tasks/pluginmachinery/core/phase.go:143.2,143.87 1 1
github.com/flyteorg/flyteplugins/go/tasks/pluginmachinery/core/phase.go:140.18,142.3 1 0
github.com/flyteorg/flyteplugins/go/tasks/pluginmachinery/core/phase.go:149.87,150.17 1 2
github.com/flyteorg/flyteplugins/go/tasks/pluginmachinery/core/phase.go:153.2,153.28 1 2
github.com/flyteorg/flyteplugins/go/tasks/pluginmachinery/core/phase.go:157.2,162.3 1 2
github.com/flyteorg/flyteplugins/go/tasks/pluginmachinery/core/phase.go:150.17,152.3 1 2
github.com/flyteorg/flyteplugins/go/tasks/pluginmachinery/core/phase.go:153.28,156.3 2 2
github.com/flyteorg/flyteplugins/go/tasks/pluginmachinery/core/phase.go:166.78,170.2 3 0
github.com/flyteorg/flyteplugins/go/tasks/pluginmachinery/core/phase.go:173.89,177.2 3 0
github.com/flyteorg/flyteplugins/go/tasks/pluginmachinery/core/phase.go:180.109,184.2 3 0
github.com/flyteorg/flyteplugins/go/tasks/pluginmachinery/core/phase.go:186.76,190.2 3 0
github.com/flyteorg/flyteplugins/go/tasks/pluginmachinery/core/phase.go:192.91,196.2 3 0
github.com/flyteorg/flyteplugins/go/tasks/pluginmachinery/core/phase.go:198.98,203.2 3 0
github.com/flyteorg/flyteplugins/go/tasks/pluginmachinery/core/phase.go:205.83,206.16 1 0
github.com/flyteorg/flyteplugins/go/tasks/pluginmachinery/core/phase.go:212.2,212.53 1 0
github.com/flyteorg/flyteplugins/go/tasks/pluginmachinery/core/phase.go:206.16,211.3 1 0
github.com/flyteorg/flyteplugins/go/tasks/pluginmachinery/core/phase.go:215.65,217.2 1 0
github.com/flyteorg/flyteplugins/go/tasks/pluginmachinery/core/phase.go:219.49,221.2 1 2
github.com/flyteorg/flyteplugins/go/tasks/pluginmachinery/core/phase.go:223.76,225.2 1 0
github.com/flyteorg/flyteplugins/go/tasks/pluginmachinery/core/phase.go:227.70,229.2 1 0
github.com/flyteorg/flyteplugins/go/tasks/pluginmachinery/core/phase.go:231.79,233.2 1 0
github.com/flyteorg/flyteplugins/go/tasks/pluginmachinery/core/phase.go:235.85,237.2 1 0
github.com/flyteorg/flyteplugins/go/tasks/pluginmachinery/core/phase.go:240.73,242.2 1 0
github.com/flyteorg/flyteplugins/go/tasks/pluginmachinery/core/phase_enumer.go:13.32,14.45 1 1
github.com/flyteorg/flyteplugins/go/tasks/pluginmachinery/core/phase_enumer.go:17.2,17.52 1 1
github.com/flyteorg/flyteplugins/go/tasks/pluginmachinery/core/phase_enumer.go:14.45,16.3 1 0
github.com/flyteorg/flyteplugins/go/tasks/pluginmachinery/core/phase_enumer.go:37.43,38.44 1 0
github.com/flyteorg/flyteplugins/go/tasks/pluginmachinery/core/phase_enumer.go:41.2,41.63 1 0
github.com/flyteorg/flyteplugins/go/tasks/pluginmachinery/core/phase_enumer.go:38.44,40.3 1 0
github.com/flyteorg/flyteplugins/go/tasks/pluginmachinery/core/phase_enumer.go:45.28,47.2 1 0
github.com/flyteorg/flyteplugins/go/tasks/pluginmachinery/core/phase_enumer.go:50.32,51.33 1 0
github.com/flyteorg/flyteplugins/go/tasks/pluginmachinery/core/phase_enumer.go:56.2,56.14 1 0
github.com/flyteorg/flyteplugins/go/tasks/pluginmachinery/core/phase_enumer.go:51.33,52.13 1 0
github.com/flyteorg/flyteplugins/go/tasks/pluginmachinery/core/phase_enumer.go:52.13,54.4 1 0
github.com/flyteorg/flyteplugins/go/tasks/pluginmachinery/webapi/pluginconfig_flags.go:17.63,18.53 1 0
github.com/flyteorg/flyteplugins/go/tasks/pluginmachinery/webapi/pluginconfig_flags.go:28.2,28.10 1 0
github.com/flyteorg/flyteplugins/go/tasks/pluginmachinery/webapi/pluginconfig_flags.go:18.53,19.33 1 0
github.com/flyteorg/flyteplugins/go/tasks/pluginmachinery/webapi/pluginconfig_flags.go:19.33,21.4 1 0
github.com/flyteorg/flyteplugins/go/tasks/pluginmachinery/webapi/pluginconfig_flags.go:21.9,23.4 1 0
github.com/flyteorg/flyteplugins/go/tasks/pluginmachinery/webapi/pluginconfig_flags.go:24.8,24.21 1 0
github.com/flyteorg/flyteplugins/go/tasks/pluginmachinery/webapi/pluginconfig_flags.go:24.21,26.3 1 0
github.com/flyteorg/flyteplugins/go/tasks/pluginmachinery/webapi/pluginconfig_flags.go:31.59,33.16 2 0
github.com/flyteorg/flyteplugins/go/tasks/pluginmachinery/webapi/pluginconfig_flags.go:37.2,37.20 1 0
github.com/flyteorg/flyteplugins/go/tasks/pluginmachinery/webapi/pluginconfig_flags.go:33.16,34.13 1 0
github.com/flyteorg/flyteplugins/go/tasks/pluginmachinery/webapi/pluginconfig_flags.go:40.62,42.16 2 0
github.com/flyteorg/flyteplugins/go/tasks/pluginmachinery/webapi/pluginconfig_flags.go:46.2,46.20 1 0
github.com/flyteorg/flyteplugins/go/tasks/pluginmachinery/webapi/pluginconfig_flags.go:42.16,43.13 1 0
github.com/flyteorg/flyteplugins/go/tasks/pluginmachinery/webapi/pluginconfig_flags.go:51.67,62.2 10 2
github.com/flyteorg/flyteplugins/go/tasks/pluginmachinery/ioutils/remote_file_output_reader.go:21.76,23.16 2 0
github.com/flyteorg/flyteplugins/go/tasks/pluginmachinery/ioutils/remote_file_output_reader.go:26.2,26.23 1 0
github.com/flyteorg/flyteplugins/go/tasks/pluginmachinery/ioutils/remote_file_output_reader.go:32.2,32.19 1 0
github.com/flyteorg/flyteplugins/go/tasks/pluginmachinery/ioutils/remote_file_output_reader.go:23.16,25.3 1 0
github.com/flyteorg/flyteplugins/go/tasks/pluginmachinery/ioutils/remote_file_output_reader.go:26.23,27.41 1 0
github.com/flyteorg/flyteplugins/go/tasks/pluginmachinery/ioutils/remote_file_output_reader.go:30.3,30.19 1 0
github.com/flyteorg/flyteplugins/go/tasks/pluginmachinery/ioutils/remote_file_output_reader.go:27.41,29.4 1 0
github.com/flyteorg/flyteplugins/go/tasks/pluginmachinery/ioutils/remote_file_output_reader.go:35.91,38.16 3 2
github.com/flyteorg/flyteplugins/go/tasks/pluginmachinery/ioutils/remote_file_output_reader.go:52.2,52.27 1 2
github.com/flyteorg/flyteplugins/go/tasks/pluginmachinery/ioutils/remote_file_output_reader.go:63.2,71.60 2 2
github.com/flyteorg/flyteplugins/go/tasks/pluginmachinery/ioutils/remote_file_output_reader.go:75.2,75.16 1 2
github.com/flyteorg/flyteplugins/go/tasks/pluginmachinery/ioutils/remote_file_output_reader.go:38.16,39.30 1 0
github.com/flyteorg/flyteplugins/go/tasks/pluginmachinery/ioutils/remote_file_output_reader.go:49.3,49.119 1 0
github.com/flyteorg/flyteplugins/go/tasks/pluginmachinery/ioutils/remote_file_output_reader.go:39.30,48.4 1 0
github.com/flyteorg/flyteplugins/go/tasks/pluginmachinery/ioutils/remote_file_output_reader.go:52.27,61.3 1 0
github.com/flyteorg/flyteplugins/go/tasks/pluginmachinery/ioutils/remote_file_output_reader.go:71.60,73.3 1 1
github.com/flyteorg/flyteplugins/go/tasks/pluginmachinery/ioutils/remote_file_output_reader.go:78.75,80.16 2 0
github.com/flyteorg/flyteplugins/go/tasks/pluginmachinery/ioutils/remote_file_output_reader.go:83.2,83.17 1 0
github.com/flyteorg/flyteplugins/go/tasks/pluginmachinery/ioutils/remote_file_output_reader.go:89.2,89.19 1 0
github.com/flyteorg/flyteplugins/go/tasks/pluginmachinery/ioutils/remote_file_output_reader.go:80.16,82.3 1 0
github.com/flyteorg/flyteplugins/go/tasks/pluginmachinery/ioutils/remote_file_output_reader.go:83.17,84.35 1 0
github.com/flyteorg/flyteplugins/go/tasks/pluginmachinery/ioutils/remote_file_output_reader.go:87.3,87.19 1 0
github.com/flyteorg/flyteplugins/go/tasks/pluginmachinery/ioutils/remote_file_output_reader.go:84.35,86.4 1 0
github.com/flyteorg/flyteplugins/go/tasks/pluginmachinery/ioutils/remote_file_output_reader.go:92.105,95.80 2 0
github.com/flyteorg/flyteplugins/go/tasks/pluginmachinery/ioutils/remote_file_output_reader.go:100.2,100.23 1 0
github.com/flyteorg/flyteplugins/go/tasks/pluginmachinery/ioutils/remote_file_output_reader.go:110.2,110.20 1 0
github.com/flyteorg/flyteplugins/go/tasks/pluginmachinery/ioutils/remote_file_output_reader.go:95.80,98.3 1 0
github.com/flyteorg/flyteplugins/go/tasks/pluginmachinery/ioutils/remote_file_output_reader.go:100.23,108.3 1 0
github.com/flyteorg/flyteplugins/go/tasks/pluginmachinery/ioutils/remote_file_output_reader.go:113.66,115.2 1 0
github.com/flyteorg/flyteplugins/go/tasks/pluginmachinery/ioutils/remote_file_output_reader.go:117.79,119.16 2 1
github.com/flyteorg/flyteplugins/go/tasks/pluginmachinery/ioutils/remote_file_output_reader.go:123.2,123.25 1 1
github.com/flyteorg/flyteplugins/go/tasks/pluginmachinery/ioutils/remote_file_output_reader.go:119.16,121.3 1 0
github.com/flyteorg/flyteplugins/go/tasks/pluginmachinery/ioutils/remote_file_output_reader.go:126.162,132.2 1 0
github.com/flyteorg/flyteplugins/go/tasks/pluginmachinery/ioutils/buffered_output_writer.go:15.87,18.2 2 0
github.com/flyteorg/flyteplugins/go/tasks/pluginmachinery/ioutils/buffered_output_writer.go:20.60,22.2 1 0
github.com/flyteorg/flyteplugins/go/tasks/pluginmachinery/ioutils/buffered_output_writer.go:25.99,29.2 1 0
github.com/flyteorg/flyteplugins/go/tasks/pluginmachinery/ioutils/cached_input_reader.go:16.80,17.27 1 0
github.com/flyteorg/flyteplugins/go/tasks/pluginmachinery/ioutils/cached_input_reader.go:24.2,24.28 1 0
github.com/flyteorg/flyteplugins/go/tasks/pluginmachinery/ioutils/cached_input_reader.go:17.27,19.17 2 0
github.com/flyteorg/flyteplugins/go/tasks/pluginmachinery/ioutils/cached_input_reader.go:22.3,22.22 1 0
github.com/flyteorg/flyteplugins/go/tasks/pluginmachinery/ioutils/cached_input_reader.go:19.17,21.4 1 0
github.com/flyteorg/flyteplugins/go/tasks/pluginmachinery/ioutils/cached_input_reader.go:29.82,33.2 1 0
github.com/flyteorg/flyteplugins/go/tasks/pluginmachinery/ioutils/paths.go:37.127,38.31 1 5
github.com/flyteorg/flyteplugins/go/tasks/pluginmachinery/ioutils/paths.go:41.2,41.64 1 4
github.com/flyteorg/flyteplugins/go/tasks/pluginmachinery/ioutils/paths.go:38.31,40.3 1 1
github.com/flyteorg/flyteplugins/go/tasks/pluginmachinery/ioutils/paths.go:44.121,46.16 2 21
github.com/flyteorg/flyteplugins/go/tasks/pluginmachinery/ioutils/paths.go:50.2,50.12 1 21
github.com/flyteorg/flyteplugins/go/tasks/pluginmachinery/ioutils/paths.go:46.16,48.3 1 0
github.com/flyteorg/flyteplugins/go/tasks/pluginmachinery/ioutils/paths.go:54.142,56.2 1 1
github.com/flyteorg/flyteplugins/go/tasks/pluginmachinery/ioutils/paths.go:59.151,61.2 1 1
github.com/flyteorg/flyteplugins/go/tasks/pluginmachinery/ioutils/precomputed_shardselector.go:12.40,13.30 1 2
github.com/flyteorg/flyteplugins/go/tasks/pluginmachinery/ioutils/precomputed_shardselector.go:16.2,16.10 1 2
github.com/flyteorg/flyteplugins/go/tasks/pluginmachinery/ioutils/precomputed_shardselector.go:13.30,15.3 1 52
github.com/flyteorg/flyteplugins/go/tasks/pluginmachinery/ioutils/precomputed_shardselector.go:20.46,21.30 1 2
github.com/flyteorg/flyteplugins/go/tasks/pluginmachinery/ioutils/precomputed_shardselector.go:24.2,24.10 1 2
github.com/flyteorg/flyteplugins/go/tasks/pluginmachinery/ioutils/precomputed_shardselector.go:21.30,23.3 1 20
github.com/flyteorg/flyteplugins/go/tasks/pluginmachinery/ioutils/precomputed_shardselector.go:27.41,31.2 3 0
github.com/flyteorg/flyteplugins/go/tasks/pluginmachinery/ioutils/precomputed_shardselector.go:40.96,43.16 3 7
github.com/flyteorg/flyteplugins/go/tasks/pluginmachinery/ioutils/precomputed_shardselector.go:46.2,47.40 2 7
github.com/flyteorg/flyteplugins/go/tasks/pluginmachinery/ioutils/precomputed_shardselector.go:43.16,45.3 1 0
github.com/flyteorg/flyteplugins/go/tasks/pluginmachinery/ioutils/precomputed_shardselector.go:51.79,55.36 4 0
github.com/flyteorg/flyteplugins/go/tasks/pluginmachinery/ioutils/precomputed_shardselector.go:64.2,64.59 1 0
github.com/flyteorg/flyteplugins/go/tasks/pluginmachinery/ioutils/precomputed_shardselector.go:55.36,56.37 1 0
github.com/flyteorg/flyteplugins/go/tasks/pluginmachinery/ioutils/precomputed_shardselector.go:56.37,61.4 4 0
github.com/flyteorg/flyteplugins/go/tasks/pluginmachinery/ioutils/precomputed_shardselector.go:68.62,73.2 1 4
github.com/flyteorg/flyteplugins/go/tasks/pluginmachinery/ioutils/raw_output_path.go:19.79,21.2 1 8
github.com/flyteorg/flyteplugins/go/tasks/pluginmachinery/ioutils/raw_output_path.go:27.206,30.16 3 2
github.com/flyteorg/flyteplugins/go/tasks/pluginmachinery/ioutils/raw_output_path.go:35.2,36.38 2 2
github.com/flyteorg/flyteplugins/go/tasks/pluginmachinery/ioutils/raw_output_path.go:39.2,40.16 2 2
github.com/flyteorg/flyteplugins/go/tasks/pluginmachinery/ioutils/raw_output_path.go:43.2,45.8 1 1
github.com/flyteorg/flyteplugins/go/tasks/pluginmachinery/ioutils/raw_output_path.go:30.16,32.3 1 0
github.com/flyteorg/flyteplugins/go/tasks/pluginmachinery/ioutils/raw_output_path.go:36.38,38.3 1 0
github.com/flyteorg/flyteplugins/go/tasks/pluginmachinery/ioutils/raw_output_path.go:40.16,42.3 1 1
github.com/flyteorg/flyteplugins/go/tasks/pluginmachinery/ioutils/raw_output_path.go:49.100,51.2 1 2
github.com/flyteorg/flyteplugins/go/tasks/pluginmachinery/ioutils/raw_output_path.go:55.186,58.16 3 2
github.com/flyteorg/flyteplugins/go/tasks/pluginmachinery/ioutils/raw_output_path.go:61.2,62.16 2 2
github.com/flyteorg/flyteplugins/go/tasks/pluginmachinery/ioutils/raw_output_path.go:65.2,67.8 1 1
github.com/flyteorg/flyteplugins/go/tasks/pluginmachinery/ioutils/raw_output_path.go:58.16,60.3 1 0
github.com/flyteorg/flyteplugins/go/tasks/pluginmachinery/ioutils/raw_output_path.go:62.16,64.3 1 1
github.com/flyteorg/flyteplugins/go/tasks/pluginmachinery/ioutils/raw_output_path.go:71.187,76.38 3 2
github.com/flyteorg/flyteplugins/go/tasks/pluginmachinery/ioutils/raw_output_path.go:79.2,80.16 2 2
github.com/flyteorg/flyteplugins/go/tasks/pluginmachinery/ioutils/raw_output_path.go:83.2,85.8 1 2
github.com/flyteorg/flyteplugins/go/tasks/pluginmachinery/ioutils/raw_output_path.go:76.38,78.3 1 0
github.com/flyteorg/flyteplugins/go/tasks/pluginmachinery/ioutils/raw_output_path.go:80.16,82.3 1 0
github.com/flyteorg/flyteplugins/go/tasks/pluginmachinery/ioutils/raw_output_path.go:89.191,91.16 2 1
github.com/flyteorg/flyteplugins/go/tasks/pluginmachinery/ioutils/raw_output_path.go:94.2,96.8 1 1
github.com/flyteorg/flyteplugins/go/tasks/pluginmachinery/ioutils/raw_output_path.go:91.16,93.3 1 0
github.com/flyteorg/flyteplugins/go/tasks/pluginmachinery/ioutils/remote_file_output_writer.go:30.76,32.2 1 1
github.com/flyteorg/flyteplugins/go/tasks/pluginmachinery/ioutils/remote_file_output_writer.go:34.70,36.2 1 2
github.com/flyteorg/flyteplugins/go/tasks/pluginmachinery/ioutils/remote_file_output_writer.go:38.68,40.2 1 2
[...]
github.com/flyteorg/flyteplugins/go/tasks/plugins/webapi/databricks/plugin.go:122.35,124.4 1 1
github.com/flyteorg/flyteplugins/go/tasks/plugins/webapi/databricks/plugin.go:130.16,132.3 1 0
github.com/flyteorg/flyteplugins/go/tasks/plugins/webapi/databricks/plugin.go:135.16,137.3 1 0
github.com/flyteorg/flyteplugins/go/tasks/plugins/webapi/databricks/plugin.go:140.16,142.3 1 0
github.com/flyteorg/flyteplugins/go/tasks/plugins/webapi/databricks/plugin.go:143.26,146.3 1 0
github.com/flyteorg/flyteplugins/go/tasks/plugins/webapi/databricks/plugin.go:153.105,157.16 3 1
github.com/flyteorg/flyteplugins/go/tasks/plugins/webapi/databricks/plugin.go:161.2,162.16 2 1
github.com/flyteorg/flyteplugins/go/tasks/plugins/webapi/databricks/plugin.go:166.2,168.16 3 1
github.com/flyteorg/flyteplugins/go/tasks/plugins/webapi/databricks/plugin.go:171.2,182.8 6 1
github.com/flyteorg/flyteplugins/go/tasks/plugins/webapi/databricks/plugin.go:157.16,160.3 2 0
github.com/flyteorg/flyteplugins/go/tasks/plugins/webapi/databricks/plugin.go:162.16,165.3 2 0
github.com/flyteorg/flyteplugins/go/tasks/plugins/webapi/databricks/plugin.go:168.16,170.3 1 0
github.com/flyteorg/flyteplugins/go/tasks/plugins/webapi/databricks/plugin.go:185.81,189.16 3 0
github.com/flyteorg/flyteplugins/go/tasks/plugins/webapi/databricks/plugin.go:192.2,193.16 2 0
github.com/flyteorg/flyteplugins/go/tasks/plugins/webapi/databricks/plugin.go:196.2,199.12 3 0
github.com/flyteorg/flyteplugins/go/tasks/plugins/webapi/databricks/plugin.go:189.16,191.3 1 0
github.com/flyteorg/flyteplugins/go/tasks/plugins/webapi/databricks/plugin.go:193.16,195.3 1 0
github.com/flyteorg/flyteplugins/go/tasks/plugins/webapi/databricks/plugin.go:202.109,211.21 8 2
github.com/flyteorg/flyteplugins/go/tasks/plugins/webapi/databricks/plugin.go:215.2,216.20 2 2
github.com/flyteorg/flyteplugins/go/tasks/plugins/webapi/databricks/plugin.go:238.2,238.127 1 0
github.com/flyteorg/flyteplugins/go/tasks/plugins/webapi/databricks/plugin.go:211.21,213.3 1 0
github.com/flyteorg/flyteplugins/go/tasks/plugins/webapi/databricks/plugin.go:218.27,219.79 1 1
github.com/flyteorg/flyteplugins/go/tasks/plugins/webapi/databricks/plugin.go:220.21,221.37 1 1
github.com/flyteorg/flyteplugins/go/tasks/plugins/webapi/databricks/plugin.go:230.3,230.79 1 0
github.com/flyteorg/flyteplugins/go/tasks/plugins/webapi/databricks/plugin.go:231.29,232.14 1 0
github.com/flyteorg/flyteplugins/go/tasks/plugins/webapi/databricks/plugin.go:233.38,234.14 1 0
github.com/flyteorg/flyteplugins/go/tasks/plugins/webapi/databricks/plugin.go:235.31,236.88 1 0
github.com/flyteorg/flyteplugins/go/tasks/plugins/webapi/databricks/plugin.go:221.37,222.32 1 1
github.com/flyteorg/flyteplugins/go/tasks/plugins/webapi/databricks/plugin.go:228.4,228.89 1 0
github.com/flyteorg/flyteplugins/go/tasks/plugins/webapi/databricks/plugin.go:222.32,223.53 1 1
github.com/flyteorg/flyteplugins/go/tasks/plugins/webapi/databricks/plugin.go:226.5,226.55 1 1
github.com/flyteorg/flyteplugins/go/tasks/plugins/webapi/databricks/plugin.go:223.53,225.6 1 0
github.com/flyteorg/flyteplugins/go/tasks/plugins/webapi/databricks/plugin.go:241.75,243.16 2 1
github.com/flyteorg/flyteplugins/go/tasks/plugins/webapi/databricks/plugin.go:246.2,246.127 1 1
github.com/flyteorg/flyteplugins/go/tasks/plugins/webapi/databricks/plugin.go:251.2,252.54 2 0
github.com/flyteorg/flyteplugins/go/tasks/plugins/webapi/databricks/plugin.go:243.16,245.3 1 0
github.com/flyteorg/flyteplugins/go/tasks/plugins/webapi/databricks/plugin.go:246.127,249.3 2 1
github.com/flyteorg/flyteplugins/go/tasks/plugins/webapi/databricks/plugin.go:263.26,266.30 2 5
github.com/flyteorg/flyteplugins/go/tasks/plugins/webapi/databricks/plugin.go:272.2,275.14 4 5
github.com/flyteorg/flyteplugins/go/tasks/plugins/webapi/databricks/plugin.go:289.2,289.17 1 5
github.com/flyteorg/flyteplugins/go/tasks/plugins/webapi/databricks/plugin.go:294.2,294.16 1 5
github.com/flyteorg/flyteplugins/go/tasks/plugins/webapi/databricks/plugin.go:297.2,299.17 3 5
github.com/flyteorg/flyteplugins/go/tasks/plugins/webapi/databricks/plugin.go:266.30,268.3 1 3
github.com/flyteorg/flyteplugins/go/tasks/plugins/webapi/databricks/plugin.go:268.8,270.3 1 2
github.com/flyteorg/flyteplugins/go/tasks/plugins/webapi/databricks/plugin.go:275.14,278.3 2 1
github.com/flyteorg/flyteplugins/go/tasks/plugins/webapi/databricks/plugin.go:278.8,278.27 1 4
github.com/flyteorg/flyteplugins/go/tasks/plugins/webapi/databricks/plugin.go:278.27,281.17 3 2
github.com/flyteorg/flyteplugins/go/tasks/plugins/webapi/databricks/plugin.go:284.3,284.31 1 2
github.com/flyteorg/flyteplugins/go/tasks/plugins/webapi/databricks/plugin.go:281.17,283.4 1 0
github.com/flyteorg/flyteplugins/go/tasks/plugins/webapi/databricks/plugin.go:285.8,287.3 1 2
github.com/flyteorg/flyteplugins/go/tasks/plugins/webapi/databricks/plugin.go:289.17,291.3 1 2
github.com/flyteorg/flyteplugins/go/tasks/plugins/webapi/databricks/plugin.go:291.8,293.3 1 3
github.com/flyteorg/flyteplugins/go/tasks/plugins/webapi/databricks/plugin.go:294.16,296.3 1 0
github.com/flyteorg/flyteplugins/go/tasks/plugins/webapi/databricks/plugin.go:302.77,304.16 2 3
github.com/flyteorg/flyteplugins/go/tasks/plugins/webapi/databricks/plugin.go:307.2,309.16 3 3
github.com/flyteorg/flyteplugins/go/tasks/plugins/webapi/databricks/plugin.go:312.2,312.18 1 3
github.com/flyteorg/flyteplugins/go/tasks/plugins/webapi/databricks/plugin.go:304.16,306.3 1 0
github.com/flyteorg/flyteplugins/go/tasks/plugins/webapi/databricks/plugin.go:309.16,311.3 1 0
github.com/flyteorg/flyteplugins/go/tasks/plugins/webapi/databricks/plugin.go:315.77,330.2 2 3
github.com/flyteorg/flyteplugins/go/tasks/plugins/webapi/databricks/plugin.go:332.54,336.103 1 2
github.com/flyteorg/flyteplugins/go/tasks/plugins/webapi/databricks/plugin.go:336.103,342.4 1 1
github.com/flyteorg/flyteplugins/go/tasks/plugins/webapi/databricks/plugin.go:346.13,351.2 3 1
github.com/flyteorg/flyteplugins/go/tasks/plugins/webapi/bigquery/config.go:68.26,70.2 1 11
github.com/flyteorg/flyteplugins/go/tasks/plugins/webapi/bigquery/config.go:72.35,74.2 1 1
github.com/flyteorg/flyteplugins/go/tasks/plugins/webapi/bigquery/config_flags.go:17.57,18.53 1 0
github.com/flyteorg/flyteplugins/go/tasks/plugins/webapi/bigquery/config_flags.go:28.2,28.10 1 0
github.com/flyteorg/flyteplugins/go/tasks/plugins/webapi/bigquery/config_flags.go:18.53,19.33 1 0
github.com/flyteorg/flyteplugins/go/tasks/plugins/webapi/bigquery/config_flags.go:19.33,21.4 1 0
github.com/flyteorg/flyteplugins/go/tasks/plugins/webapi/bigquery/config_flags.go:21.9,23.4 1 0
github.com/flyteorg/flyteplugins/go/tasks/plugins/webapi/bigquery/config_flags.go:24.8,24.21 1 0
github.com/flyteorg/flyteplugins/go/tasks/plugins/webapi/bigquery/config_flags.go:24.21,26.3 1 0
github.com/flyteorg/flyteplugins/go/tasks/plugins/webapi/bigquery/config_flags.go:31.53,33.16 2 0
github.com/flyteorg/flyteplugins/go/tasks/plugins/webapi/bigquery/config_flags.go:37.2,37.20 1 0
github.com/flyteorg/flyteplugins/go/tasks/plugins/webapi/bigquery/config_flags.go:33.16,34.13 1 0
github.com/flyteorg/flyteplugins/go/tasks/plugins/webapi/bigquery/config_flags.go:40.56,42.16 2 0
github.com/flyteorg/flyteplugins/go/tasks/plugins/webapi/bigquery/config_flags.go:46.2,46.20 1 0
github.com/flyteorg/flyteplugins/go/tasks/plugins/webapi/bigquery/config_flags.go:42.16,43.13 1 0
github.com/flyteorg/flyteplugins/go/tasks/plugins/webapi/bigquery/config_flags.go:51.61,64.2 12 2
github.com/flyteorg/flyteplugins/go/tasks/plugins/webapi/bigquery/plugin.go:61.49,63.2 1 10
github.com/flyteorg/flyteplugins/go/tasks/plugins/webapi/bigquery/plugin.go:66.89,70.2 1 3
github.com/flyteorg/flyteplugins/go/tasks/plugins/webapi/bigquery/plugin.go:73.26,75.2 1 3
github.com/flyteorg/flyteplugins/go/tasks/plugins/webapi/bigquery/plugin.go:78.27,83.16 3 3
github.com/flyteorg/flyteplugins/go/tasks/plugins/webapi/bigquery/plugin.go:87.2,89.16 2 3
github.com/flyteorg/flyteplugins/go/tasks/plugins/webapi/bigquery/plugin.go:93.2,100.16 6 3
github.com/flyteorg/flyteplugins/go/tasks/plugins/webapi/bigquery/plugin.go:104.2,104.47 1 3
github.com/flyteorg/flyteplugins/go/tasks/plugins/webapi/bigquery/plugin.go:110.2,110.16 1 3
github.com/flyteorg/flyteplugins/go/tasks/plugins/webapi/bigquery/plugin.go:114.2,119.16 4 3
github.com/flyteorg/flyteplugins/go/tasks/plugins/webapi/bigquery/plugin.go:154.2,155.67 2 3
github.com/flyteorg/flyteplugins/go/tasks/plugins/webapi/bigquery/plugin.go:169.2,176.38 3 3
github.com/flyteorg/flyteplugins/go/tasks/plugins/webapi/bigquery/plugin.go:83.16,85.3 1 0
github.com/flyteorg/flyteplugins/go/tasks/plugins/webapi/bigquery/plugin.go:89.16,91.3 1 0
github.com/flyteorg/flyteplugins/go/tasks/plugins/webapi/bigquery/plugin.go:100.16,102.3 1 0
github.com/flyteorg/flyteplugins/go/tasks/plugins/webapi/bigquery/plugin.go:104.47,106.3 1 3
github.com/flyteorg/flyteplugins/go/tasks/plugins/webapi/bigquery/plugin.go:106.8,108.3 1 0
github.com/flyteorg/flyteplugins/go/tasks/plugins/webapi/bigquery/plugin.go:110.16,112.3 1 0
github.com/flyteorg/flyteplugins/go/tasks/plugins/webapi/bigquery/plugin.go:119.16,127.33 3 0
github.com/flyteorg/flyteplugins/go/tasks/plugins/webapi/bigquery/plugin.go:145.3,145.9 1 0
github.com/flyteorg/flyteplugins/go/tasks/plugins/webapi/bigquery/plugin.go:151.3,151.102 1 0
github.com/flyteorg/flyteplugins/go/tasks/plugins/webapi/bigquery/plugin.go:127.33,130.18 2 0
github.com/flyteorg/flyteplugins/go/tasks/plugins/webapi/bigquery/plugin.go:140.4,142.40 2 0
github.com/flyteorg/flyteplugins/go/tasks/plugins/webapi/bigquery/plugin.go:130.18,138.5 2 0
github.com/flyteorg/flyteplugins/go/tasks/plugins/webapi/bigquery/plugin.go:145.9,149.4 2 0
github.com/flyteorg/flyteplugins/go/tasks/plugins/webapi/bigquery/plugin.go:155.67,158.17 2 1
github.com/flyteorg/flyteplugins/go/tasks/plugins/webapi/bigquery/plugin.go:167.3,167.57 1 1
github.com/flyteorg/flyteplugins/go/tasks/plugins/webapi/bigquery/plugin.go:158.17,166.4 2 0
github.com/flyteorg/flyteplugins/go/tasks/plugins/webapi/bigquery/plugin.go:179.116,182.16 2 3
github.com/flyteorg/flyteplugins/go/tasks/plugins/webapi/bigquery/plugin.go:186.2,188.16 2 3
github.com/flyteorg/flyteplugins/go/tasks/plugins/webapi/bigquery/plugin.go:192.2,203.8 2 3
github.com/flyteorg/flyteplugins/go/tasks/plugins/webapi/bigquery/plugin.go:182.16,184.3 1 0
github.com/flyteorg/flyteplugins/go/tasks/plugins/webapi/bigquery/plugin.go:188.16,190.3 1 0
github.com/flyteorg/flyteplugins/go/tasks/plugins/webapi/bigquery/plugin.go:206.105,208.2 1 2
github.com/flyteorg/flyteplugins/go/tasks/plugins/webapi/bigquery/plugin.go:210.111,219.16 4 2
github.com/flyteorg/flyteplugins/go/tasks/plugins/webapi/bigquery/plugin.go:223.2,225.16 2 2
github.com/flyteorg/flyteplugins/go/tasks/plugins/webapi/bigquery/plugin.go:235.2,239.8 2 2
github.com/flyteorg/flyteplugins/go/tasks/plugins/webapi/bigquery/plugin.go:219.16,221.3 1 0
github.com/flyteorg/flyteplugins/go/tasks/plugins/webapi/bigquery/plugin.go:225.16,233.3 2 0
github.com/flyteorg/flyteplugins/go/tasks/plugins/webapi/bigquery/plugin.go:242.81,243.35 1 0
github.com/flyteorg/flyteplugins/go/tasks/plugins/webapi/bigquery/plugin.go:247.2,255.16 4 0
github.com/flyteorg/flyteplugins/go/tasks/plugins/webapi/bigquery/plugin.go:259.2,261.16 2 0
github.com/flyteorg/flyteplugins/go/tasks/plugins/webapi/bigquery/plugin.go:265.2,267.12 2 0
github.com/flyteorg/flyteplugins/go/tasks/plugins/webapi/bigquery/plugin.go:243.35,245.3 1 0
github.com/flyteorg/flyteplugins/go/tasks/plugins/webapi/bigquery/plugin.go:255.16,257.3 1 0
github.com/flyteorg/flyteplugins/go/tasks/plugins/webapi/bigquery/plugin.go:261.16,263.3 1 0
github.com/flyteorg/flyteplugins/go/tasks/plugins/webapi/bigquery/plugin.go:270.106,275.21 4 5
github.com/flyteorg/flyteplugins/go/tasks/plugins/webapi/bigquery/plugin.go:279.2,281.33 2 5
github.com/flyteorg/flyteplugins/go/tasks/plugins/webapi/bigquery/plugin.go:285.2,285.31 1 5
github.com/flyteorg/flyteplugins/go/tasks/plugins/webapi/bigquery/plugin.go:307.2,307.138 1 0
github.com/flyteorg/flyteplugins/go/tasks/plugins/webapi/bigquery/plugin.go:275.21,277.3 1 0
github.com/flyteorg/flyteplugins/go/tasks/plugins/webapi/bigquery/plugin.go:281.33,283.3 1 0
github.com/flyteorg/flyteplugins/go/tasks/plugins/webapi/bigquery/plugin.go:286.29,287.86 1 1
github.com/flyteorg/flyteplugins/go/tasks/plugins/webapi/bigquery/plugin.go:289.29,290.55 1 1
github.com/flyteorg/flyteplugins/go/tasks/plugins/webapi/bigquery/plugin.go:292.26,293.41 1 3
github.com/flyteorg/flyteplugins/go/tasks/plugins/webapi/bigquery/plugin.go:299.3,300.17 2 3
github.com/flyteorg/flyteplugins/go/tasks/plugins/webapi/bigquery/plugin.go:304.3,304.53 1 3
github.com/flyteorg/flyteplugins/go/tasks/plugins/webapi/bigquery/plugin.go:293.41,298.4 1 0
github.com/flyteorg/flyteplugins/go/tasks/plugins/webapi/bigquery/plugin.go:300.17,303.4 2 0
github.com/flyteorg/flyteplugins/go/tasks/plugins/webapi/bigquery/plugin.go:310.77,311.129 1 5
github.com/flyteorg/flyteplugins/go/tasks/plugins/webapi/bigquery/plugin.go:314.2,317.23 4 3
github.com/flyteorg/flyteplugins/go/tasks/plugins/webapi/bigquery/plugin.go:311.129,313.3 1 2
github.com/flyteorg/flyteplugins/go/tasks/plugins/webapi/bigquery/plugin.go:320.95,322.16 2 5
github.com/flyteorg/flyteplugins/go/tasks/plugins/webapi/bigquery/plugin.go:326.2,326.127 1 5
github.com/flyteorg/flyteplugins/go/tasks/plugins/webapi/bigquery/plugin.go:331.2,332.13 2 1
github.com/flyteorg/flyteplugins/go/tasks/plugins/webapi/bigquery/plugin.go:336.2,354.16 1 1
github.com/flyteorg/flyteplugins/go/tasks/plugins/webapi/bigquery/plugin.go:322.16,324.3 1 0
github.com/flyteorg/flyteplugins/go/tasks/plugins/webapi/bigquery/plugin.go:326.127,329.3 2 4
github.com/flyteorg/flyteplugins/go/tasks/plugins/webapi/bigquery/plugin.go:332.13,335.3 2 0
github.com/flyteorg/flyteplugins/go/tasks/plugins/webapi/bigquery/plugin.go:357.94,372.100 4 2
github.com/flyteorg/flyteplugins/go/tasks/plugins/webapi/bigquery/plugin.go:376.2,376.56 1 1
github.com/flyteorg/flyteplugins/go/tasks/plugins/webapi/bigquery/plugin.go:381.2,381.96 1 0
github.com/flyteorg/flyteplugins/go/tasks/plugins/webapi/bigquery/plugin.go:372.100,374.3 1 1
github.com/flyteorg/flyteplugins/go/tasks/plugins/webapi/bigquery/plugin.go:376.56,378.3 1 1
github.com/flyteorg/flyteplugins/go/tasks/plugins/webapi/bigquery/plugin.go:384.95,398.16 3 19
github.com/flyteorg/flyteplugins/go/tasks/plugins/webapi/bigquery/plugin.go:399.10,400.48 1 0
github.com/flyteorg/flyteplugins/go/tasks/plugins/webapi/bigquery/plugin.go:404.22,405.72 1 1
github.com/flyteorg/flyteplugins/go/tasks/plugins/webapi/bigquery/plugin.go:409.22,410.87 1 1
github.com/flyteorg/flyteplugins/go/tasks/plugins/webapi/bigquery/plugin.go:413.27,414.72 1 1
github.com/flyteorg/flyteplugins/go/tasks/plugins/webapi/bigquery/plugin.go:418.17,419.72 1 1
github.com/flyteorg/flyteplugins/go/tasks/plugins/webapi/bigquery/plugin.go:424.19,425.72 1 1
github.com/flyteorg/flyteplugins/go/tasks/plugins/webapi/bigquery/plugin.go:428.23,429.87 1 1
github.com/flyteorg/flyteplugins/go/tasks/plugins/webapi/bigquery/plugin.go:433.17,434.72 1 1
github.com/flyteorg/flyteplugins/go/tasks/plugins/webapi/bigquery/plugin.go:437.22,438.72 1 1
github.com/flyteorg/flyteplugins/go/tasks/plugins/webapi/bigquery/plugin.go:441.21,442.87 1 1
github.com/flyteorg/flyteplugins/go/tasks/plugins/webapi/bigquery/plugin.go:447.18,448.72 1 1
github.com/flyteorg/flyteplugins/go/tasks/plugins/webapi/bigquery/plugin.go:451.24,452.72 1 1
github.com/flyteorg/flyteplugins/go/tasks/plugins/webapi/bigquery/plugin.go:456.23,457.81 1 1
github.com/flyteorg/flyteplugins/go/tasks/plugins/webapi/bigquery/plugin.go:459.27,460.81 1 1
github.com/flyteorg/flyteplugins/go/tasks/plugins/webapi/bigquery/plugin.go:464.23,465.87 1 1
github.com/flyteorg/flyteplugins/go/tasks/plugins/webapi/bigquery/plugin.go:468.27,469.72 1 1
github.com/flyteorg/flyteplugins/go/tasks/plugins/webapi/bigquery/plugin.go:475.26,476.72 1 1
github.com/flyteorg/flyteplugins/go/tasks/plugins/webapi/bigquery/plugin.go:479.17,480.72 1 1
github.com/flyteorg/flyteplugins/go/tasks/plugins/webapi/bigquery/plugin.go:484.26,485.87 1 1
github.com/flyteorg/flyteplugins/go/tasks/plugins/webapi/bigquery/plugin.go:488.17,489.72 1 1
github.com/flyteorg/flyteplugins/go/tasks/plugins/webapi/bigquery/plugin.go:491.10,492.78 1 0
github.com/flyteorg/flyteplugins/go/tasks/plugins/webapi/bigquery/plugin.go:496.71,512.2 3 6
github.com/flyteorg/flyteplugins/go/tasks/plugins/webapi/bigquery/plugin.go:514.65,516.2 1 1
github.com/flyteorg/flyteplugins/go/tasks/plugins/webapi/bigquery/plugin.go:518.81,520.2 1 6
github.com/flyteorg/flyteplugins/go/tasks/plugins/webapi/bigquery/plugin.go:522.109,530.34 2 5
github.com/flyteorg/flyteplugins/go/tasks/plugins/webapi/bigquery/plugin.go:547.2,547.45 1 5
github.com/flyteorg/flyteplugins/go/tasks/plugins/webapi/bigquery/plugin.go:530.34,534.3 1 5
github.com/flyteorg/flyteplugins/go/tasks/plugins/webapi/bigquery/plugin.go:534.8,534.54 1 0
github.com/flyteorg/flyteplugins/go/tasks/plugins/webapi/bigquery/plugin.go:534.54,538.17 2 0
github.com/flyteorg/flyteplugins/go/tasks/plugins/webapi/bigquery/plugin.go:542.3,542.65 1 0
github.com/flyteorg/flyteplugins/go/tasks/plugins/webapi/bigquery/plugin.go:538.17,540.4 1 0
github.com/flyteorg/flyteplugins/go/tasks/plugins/webapi/bigquery/plugin.go:543.8,545.3 1 0
github.com/flyteorg/flyteplugins/go/tasks/plugins/webapi/bigquery/plugin.go:550.75,553.16 2 1
github.com/flyteorg/flyteplugins/go/tasks/plugins/webapi/bigquery/plugin.go:557.2,561.8 1 1
github.com/flyteorg/flyteplugins/go/tasks/plugins/webapi/bigquery/plugin.go:553.16,555.3 1 0
github.com/flyteorg/flyteplugins/go/tasks/plugins/webapi/bigquery/plugin.go:564.52,568.103 1 2
github.com/flyteorg/flyteplugins/go/tasks/plugins/webapi/bigquery/plugin.go:568.103,572.4 2 1
github.com/flyteorg/flyteplugins/go/tasks/plugins/webapi/bigquery/plugin.go:576.13,581.2 3 1
github.com/flyteorg/flyteplugins/go/tasks/plugins/webapi/bigquery/query_job.go:146.83,150.16 3 4
github.com/flyteorg/flyteplugins/go/tasks/plugins/webapi/bigquery/query_job.go:154.2,154.29 1 4
github.com/flyteorg/flyteplugins/go/tasks/plugins/webapi/bigquery/query_job.go:150.16,152.3 1 0
github.com/flyteorg/flyteplugins/go/tasks/plugins/webapi/bigquery/query_job.go:157.129,160.16 2 4
github.com/flyteorg/flyteplugins/go/tasks/plugins/webapi/bigquery/query_job.go:166.2,188.8 2 4
github.com/flyteorg/flyteplugins/go/tasks/plugins/webapi/bigquery/query_job.go:160.16,162.3 1 0
github.com/flyteorg/flyteplugins/go/tasks/plugins/webapi/bigquery/query_job.go:191.106,195.40 3 4
github.com/flyteorg/flyteplugins/go/tasks/plugins/webapi/bigquery/query_job.go:211.2,211.29 1 4
github.com/flyteorg/flyteplugins/go/tasks/plugins/webapi/bigquery/query_job.go:195.40,198.17 2 4
github.com/flyteorg/flyteplugins/go/tasks/plugins/webapi/bigquery/query_job.go:202.3,208.6 2 4
github.com/flyteorg/flyteplugins/go/tasks/plugins/webapi/bigquery/query_job.go:198.17,200.4 1 0
github.com/flyteorg/flyteplugins/go/tasks/plugins/webapi/bigquery/query_job.go:216.124,217.50 1 9
github.com/flyteorg/flyteplugins/go/tasks/plugins/webapi/bigquery/query_job.go:260.2,260.110 1 0
github.com/flyteorg/flyteplugins/go/tasks/plugins/webapi/bigquery/query_job.go:217.50,218.59 1 9
github.com/flyteorg/flyteplugins/go/tasks/plugins/webapi/bigquery/query_job.go:218.59,219.34 1 9
github.com/flyteorg/flyteplugins/go/tasks/plugins/webapi/bigquery/query_job.go:220.41,226.44 3 5
github.com/flyteorg/flyteplugins/go/tasks/plugins/webapi/bigquery/query_job.go:228.45,234.42 3 1
github.com/flyteorg/flyteplugins/go/tasks/plugins/webapi/bigquery/query_job.go:236.44,242.40 3 1
github.com/flyteorg/flyteplugins/go/tasks/plugins/webapi/bigquery/query_job.go:244.41,247.31 2 2
github.com/flyteorg/flyteplugins/go/tasks/plugins/webapi/bigquery/query_job.go:253.5,255.11 1 1
github.com/flyteorg/flyteplugins/go/tasks/plugins/webapi/bigquery/query_job.go:247.31,251.6 1 1
